#
# A fatal error has been detected by the Java Runtime Environment:
#
#  EXCEPTION_ACCESS_VIOLATION (0xc0000005) at pc=0x00007ffeda2273e6, pid=11656, tid=10876
#
# JRE version: OpenJDK Runtime Environment 18.9 (11.0.13+8) (build 11.0.13+8)
# Java VM: OpenJDK 64-Bit Server VM 18.9 (11.0.13+8, mixed mode, tiered, compressed oops, g1 gc, windows-amd64)
# Problematic frame:
# V  [jvm.dll+0x1a73e6]
#
# No core dump will be written. Minidumps are not enabled by default on client versions of Windows
#
# If you would like to submit a bug report, please visit:
#   https://bugreport.java.com/bugreport/crash.jsp
#

---------------  S U M M A R Y ------------

Command Line: --add-opens=java.base/java.util=ALL-UNNAMED --add-opens=java.base/java.lang=ALL-UNNAMED --add-opens=java.base/java.lang.invoke=ALL-UNNAMED --add-opens=java.base/java.util=ALL-UNNAMED --add-opens=java.prefs/java.util.prefs=ALL-UNNAMED --add-opens=java.prefs/java.util.prefs=ALL-UNNAMED --add-opens=java.base/java.nio.charset=ALL-UNNAMED --add-opens=java.base/java.net=ALL-UNNAMED --add-opens=java.base/java.util.concurrent.atomic=ALL-UNNAMED -XX:MaxMetaspaceSize=256m -XX:+HeapDumpOnOutOfMemoryError -Xms256m -Xmx512m -Dfile.encoding=windows-1252 -Duser.country=IN -Duser.language=en -Duser.variant org.gradle.launcher.daemon.bootstrap.GradleDaemon 7.2

Host: AMD PRO A4-4350B R4, 5 COMPUTE CORES 2C+3G     , 2 cores, 7G,  Windows 10 , 64 bit Build 19041 (10.0.19041.1645)
Time: Fri May 13 11:06:19 2022 India Standard Time elapsed time: 1825.297123 seconds (0d 0h 30m 25s)

---------------  T H R E A D  ---------------

Current thread (0x000001f44224b800):  ConcurrentGCThread "G1 Conc#0" [stack: 0x00000084f9600000,0x00000084f9700000] [id=10876]

Stack: [0x00000084f9600000,0x00000084f9700000],  sp=0x00000084f96ff878,  free space=1022k
Native frames: (J=compiled Java code, j=interpreted, Vv=VM code, C=native code)
V  [jvm.dll+0x1a73e6]


siginfo: EXCEPTION_ACCESS_VIOLATION (0xc0000005), reading address 0x0000000002055cc8


Register to memory mapping:

RIP=0x00007ffeda2273e6 jvm.dll
RAX=0x0 is NULL
RBX=0x0 is NULL
RCX=
[error occurred during error reporting (printing register info), id 0xc0000005, EXCEPTION_ACCESS_VIOLATION (0xc0000005) at pc=0x00007ffeda2273e6]

Registers:
RAX=0x0000000000000000, RBX=0x0000000000000000, RCX=0x00000000e3162248, RDX=0x00000000e3162248
RSP=0x00000084f96ff878, RBP=0x00000084f96ffa01, RSI=0x0000000000000200, RDI=0x00000000e3162248
R8 =0x0000000000000000, R9 =0x0000000002055cc0, R10=0x000001f442282220, R11=0x346dc5d63886594b
R12=0x0000000000000000, R13=0x000001f4422476f0, R14=0x000001f45a215888, R15=0x0000000000000000
RIP=0x00007ffeda2273e6, EFLAGS=0x0000000000010206

Top of Stack: (sp=0x00000084f96ff878)
0x00000084f96ff878:   00007ffeda37d42f 00000000e316c2a8
0x00000084f96ff888:   0000000000000000 00000000e316c198
0x00000084f96ff898:   000001f44224c501 000001f44224c160
0x00000084f96ff8a8:   000001f44224c501 0000000000000000
0x00000084f96ff8b8:   000001f442251ae0 00000000e3162248
0x00000084f96ff8c8:   00007ffeda37d212 000001f4422519a0
0x00000084f96ff8d8:   00000084f96ffa08 00000000e315f4a4
0x00000084f96ff8e8:   00007ffeda374eb5 00000084f96ffa08
0x00000084f96ff8f8:   00007ffeda37567d 00000000e31625a8
0x00000084f96ff908:   00000000e315f460 000001f44224c160
0x00000084f96ff918:   0000000000000000 00000001002ff860
0x00000084f96ff928:   00007ffeda374b71 0000000000000020
0x00000084f96ff938:   00000000e315f3a8 000001f44224c160
0x00000084f96ff948:   000001f4422519a0 000001f4422519a0
0x00000084f96ff958:   00007ffeda385913 00000000e315f3a8
0x00000084f96ff968:   0000000000000000 0000000000000040 

Instructions: (pc=0x00007ffeda2273e6)
0x00007ffeda2272e6:   0f 7e c8 48 85 c0 74 28 48 8b 01 48 8d 54 24 20
0x00007ffeda2272f6:   0f 29 44 24 20 ff 50 40 33 c0 48 89 44 24 20 48
0x00007ffeda227306:   89 44 24 28 0f 10 44 24 20 0f 11 86 98 03 00 00
0x00007ffeda227316:   80 3d 05 1d 8d 00 00 74 15 8b 43 08 8b 0d b0 8a
0x00007ffeda227326:   88 00 48 d3 e0 48 03 05 9e 8a 88 00 eb 04 48 8b
0x00007ffeda227336:   43 08 81 78 08 00 00 00 c0 73 7d 48 8b 4f 38 48
0x00007ffeda227346:   8b d3 48 8b 01 ff 50 20 84 c0 75 6c 38 05 ca 1c
0x00007ffeda227356:   8d 00 74 15 8b 53 08 8b 0d 75 8a 88 00 48 d3 e2
0x00007ffeda227366:   48 03 15 63 8a 88 00 eb 04 48 8b 53 08 48 8b cb
0x00007ffeda227376:   48 89 5c 24 20 e8 60 00 00 00 80 7f 30 00 48 63
0x00007ffeda227386:   c8 48 89 4c 24 28 0f 28 44 24 20 74 17 0f 11 86
0x00007ffeda227396:   98 03 00 00 48 8b 5c 24 40 48 8b 74 24 48 48 83
0x00007ffeda2273a6:   c4 30 5f c3 48 8b 07 48 8d 54 24 20 48 8b cf 66
0x00007ffeda2273b6:   0f 7f 44 24 20 ff 50 38 48 8b 5c 24 40 48 8b 74
0x00007ffeda2273c6:   24 48 48 83 c4 30 5f c3 cc cc 48 8b 49 38 48 8b
0x00007ffeda2273d6:   01 48 ff 60 28 cc cc cc cc cc 4c 8b ca 48 8b d1
0x00007ffeda2273e6:   45 8b 41 08 45 85 c0 7e 0e 41 f6 c0 01 75 56 41
0x00007ffeda2273f6:   c1 f8 03 41 8b c0 c3 79 4c 80 3d 1c 1c 8d 00 00
0x00007ffeda227406:   b8 0c 00 00 00 b9 10 00 00 00 0f 45 c8 8b 05 6b
0x00007ffeda227416:   d3 86 00 ff c8 4c 63 c8 48 63 14 11 41 8b c8 83
0x00007ffeda227426:   e1 3f 48 d3 e2 41 8b c8 48 c1 f9 10 0f b6 c1 49
0x00007ffeda227436:   8d 0c 11 49 f7 d1 48 03 c1 49 c1 e9 03 48 c1 e8
0x00007ffeda227446:   03 41 23 c1 c3 49 8b 01 49 8b c9 48 ff a0 10 01
0x00007ffeda227456:   00 00 cc cc cc cc cc cc cc cc 48 83 ec 38 48 8b
0x00007ffeda227466:   c1 48 8b 49 38 80 79 08 00 74 04 48 8b 48 38 0f
0x00007ffeda227476:   10 02 48 8d 54 24 20 0f 29 44 24 20 e8 c9 f0 ff
0x00007ffeda227486:   ff 48 83 c4 38 c3 cc cc cc cc 48 89 5c 24 08 55
0x00007ffeda227496:   56 57 41 54 41 55 41 56 41 57 48 8d 6c 24 e0 48
0x00007ffeda2274a6:   81 ec 20 01 00 00 48 8b 05 9d 10 8a 00 48 33 c4
0x00007ffeda2274b6:   48 89 45 10 48 8b 05 0f 87 8c 00 45 33 ed 4c 8b
0x00007ffeda2274c6:   b5 80 00 00 00 4c 8b fa 48 8b bd 88 00 00 00 4d
0x00007ffeda2274d6:   8b c6 49 8b d6 49 8b f1 48 8b 48 38 48 8b 59 48 


Stack slot to memory mapping:
stack at sp + 0 slots: 0x00007ffeda37d42f jvm.dll
stack at sp + 1 slots: 0x00000000e316c2a8 is an oop: java.lang.ref.SoftReference 
{0x00000000e316c2a8} - klass: 'java/lang/ref/SoftReference'
stack at sp + 2 slots: 0x0 is NULL
stack at sp + 3 slots: 0x00000000e316c198 is an oop: java.lang.ref.WeakReference 
{0x00000000e316c198} - klass: 'java/lang/ref/WeakReference'
stack at sp + 4 slots: 0x000001f44224c501 points into unknown readable memory: 00 00 00 00 00 00 00
stack at sp + 5 slots: 0x000001f44224c160 points into unknown readable memory: 0x6e616c2e6176616a | 6a 61 76 61 2e 6c 61 6e
stack at sp + 6 slots: 0x000001f44224c501 points into unknown readable memory: 00 00 00 00 00 00 00
stack at sp + 7 slots: 0x0 is NULL


---------------  P R O C E S S  ---------------

Threads class SMR info:
_java_thread_list=0x000001f4675487d0, length=60, elements={
0x000001f442221800, 0x000001f45cd0b800, 0x000001f45cd39000, 0x000001f45cd4c800,
0x000001f45cd4e800, 0x000001f45cd4f800, 0x000001f45cd54800, 0x000001f45cd6a800,
0x000001f45d718800, 0x000001f45d7ff000, 0x000001f45eeb9000, 0x000001f45e843800,
0x000001f45dc3d000, 0x000001f45dcaf800, 0x000001f45dcb4800, 0x000001f45dcb0800,
0x000001f45dcb2000, 0x000001f45dcb1000, 0x000001f45fb4f000, 0x000001f45fb4d000,
0x000001f45fb50000, 0x000001f45fb4c000, 0x000001f45e338800, 0x000001f45e33a000,
0x000001f45e33e000, 0x000001f45e33f000, 0x000001f4666c6000, 0x000001f4666c9000,
0x000001f4666cb800, 0x000001f4666c6800, 0x000001f4666cc800, 0x000001f4666cd000,
0x000001f4666ca000, 0x000001f4666ca800, 0x000001f4666c7800, 0x000001f4666d1000,
0x000001f4666d2000, 0x000001f4666d3000, 0x000001f4666ce000, 0x000001f4666d3800,
0x000001f4666cf800, 0x000001f4666d0800, 0x000001f4666d4800, 0x000001f4666ce800,
0x000001f45e333800, 0x000001f45e334800, 0x000001f45e332000, 0x000001f45e335000,
0x000001f45e336000, 0x000001f45e331000, 0x000001f45e330800, 0x000001f45e333000,
0x000001f45e337000, 0x000001f45e33d800, 0x000001f45e33b000, 0x000001f45e33c800,
0x000001f45e337800, 0x000001f45e339800, 0x000001f45fb51000, 0x000001f45fb54000
}

Java Threads: ( => current thread )
  0x000001f442221800 JavaThread "main" [_thread_blocked, id=5892, stack(0x00000084f9300000,0x00000084f9400000)]
  0x000001f45cd0b800 JavaThread "Reference Handler" daemon [_thread_blocked, id=740, stack(0x00000084f9a00000,0x00000084f9b00000)]
  0x000001f45cd39000 JavaThread "Finalizer" daemon [_thread_blocked, id=6012, stack(0x00000084f9b00000,0x00000084f9c00000)]
  0x000001f45cd4c800 JavaThread "Signal Dispatcher" daemon [_thread_blocked, id=7356, stack(0x00000084f9c00000,0x00000084f9d00000)]
  0x000001f45cd4e800 JavaThread "Attach Listener" daemon [_thread_blocked, id=9152, stack(0x00000084f9d00000,0x00000084f9e00000)]
  0x000001f45cd4f800 JavaThread "Service Thread" daemon [_thread_blocked, id=5828, stack(0x00000084f9e00000,0x00000084f9f00000)]
  0x000001f45cd54800 JavaThread "C2 CompilerThread0" daemon [_thread_in_native, id=7804, stack(0x00000084f9f00000,0x00000084fa000000)]
  0x000001f45cd6a800 JavaThread "C1 CompilerThread0" daemon [_thread_blocked, id=5064, stack(0x00000084fa000000,0x00000084fa100000)]
  0x000001f45d718800 JavaThread "Sweeper thread" daemon [_thread_blocked, id=6956, stack(0x00000084fa100000,0x00000084fa200000)]
  0x000001f45d7ff000 JavaThread "Common-Cleaner" daemon [_thread_blocked, id=7492, stack(0x00000084fa200000,0x00000084fa300000)]
  0x000001f45eeb9000 JavaThread "Daemon health stats" [_thread_blocked, id=9444, stack(0x00000084fa500000,0x00000084fa600000)]
  0x000001f45e843800 JavaThread "Incoming local TCP Connector on port 53345" [_thread_in_native, id=3228, stack(0x00000084fa600000,0x00000084fa700000)]
  0x000001f45dc3d000 JavaThread "Daemon periodic checks" [_thread_blocked, id=10764, stack(0x00000084fa700000,0x00000084fa800000)]
  0x000001f45dcaf800 JavaThread "Cache worker for journal cache (C:\Users\Muppidathi\.gradle\caches\journal-1)" [_thread_blocked, id=5076, stack(0x00000084faf00000,0x00000084fb000000)]
  0x000001f45dcb4800 JavaThread "File lock request listener" [_thread_in_native, id=10036, stack(0x00000084fb000000,0x00000084fb100000)]
  0x000001f45dcb0800 JavaThread "Cache worker for file hash cache (C:\Users\Muppidathi\.gradle\caches\7.2\fileHashes)" [_thread_blocked, id=1836, stack(0x00000084fb100000,0x00000084fb200000)]
  0x000001f45dcb2000 JavaThread "File watcher server" daemon [_thread_in_native, id=2168, stack(0x00000084fb300000,0x00000084fb400000)]
  0x000001f45dcb1000 JavaThread "File watcher consumer" daemon [_thread_blocked, id=3316, stack(0x00000084fb400000,0x00000084fb500000)]
  0x000001f45fb4f000 JavaThread "Cache worker for execution history cache (C:\Users\Muppidathi\.gradle\caches\7.2\executionHistory)" [_thread_blocked, id=7336, stack(0x00000084fb800000,0x00000084fb900000)]
  0x000001f45fb4d000 JavaThread "jar transforms" [_thread_blocked, id=11240, stack(0x00000084fb900000,0x00000084fba00000)]
  0x000001f45fb50000 JavaThread "jar transforms Thread 2" [_thread_blocked, id=11928, stack(0x00000084fba00000,0x00000084fbb00000)]
  0x000001f45fb4c000 JavaThread "Cache worker for file content cache (C:\Users\Muppidathi\.gradle\caches\7.2\fileContent)" [_thread_blocked, id=10152, stack(0x00000084fbb00000,0x00000084fbc00000)]
  0x000001f45e338800 JavaThread "Memory manager" [_thread_blocked, id=8952, stack(0x00000084fd400000,0x00000084fd500000)]
  0x000001f45e33a000 JavaThread "pool-3-thread-1" [_thread_blocked, id=12840, stack(0x00000084f9200000,0x00000084f9300000)]
  0x000001f45e33e000 JavaThread "Monitor" [_thread_in_native, id=12128, stack(0x00000084fd800000,0x00000084fd900000)]
  0x000001f45e33f000 JavaThread "JdwpProxyConnection" [_thread_in_native, id=8632, stack(0x00000084fd900000,0x00000084fda00000)]
  0x000001f4666c6000 JavaThread "Device List Monitor" [_thread_in_native, id=4976, stack(0x00000084fda00000,0x00000084fdb00000)]
  0x000001f4666c9000 JavaThread "Daemon Thread 2" [_thread_blocked, id=2376, stack(0x00000084f9100000,0x00000084f9200000)]
  0x000001f4666cb800 JavaThread "Handler for socket connection from /127.0.0.1:53345 to /127.0.0.1:61785" [_thread_in_native, id=7840, stack(0x00000084fa800000,0x00000084fa900000)]
  0x000001f4666c6800 JavaThread "Cancel handler" [_thread_blocked, id=6688, stack(0x00000084fa900000,0x00000084faa00000)]
  0x000001f4666cc800 JavaThread "Daemon worker Thread 2" [_thread_blocked, id=9924, stack(0x00000084faa00000,0x00000084fab00000)]
  0x000001f4666cd000 JavaThread "Asynchronous log dispatcher for DefaultDaemonConnection: socket connection from /127.0.0.1:53345 to /127.0.0.1:61785" [_thread_blocked, id=10244, stack(0x00000084fab00000,0x00000084fac00000)]
  0x000001f4666ca000 JavaThread "Stdin handler" [_thread_blocked, id=7080, stack(0x00000084fac00000,0x00000084fad00000)]
  0x000001f4666ca800 JavaThread "Daemon client event forwarder" [_thread_blocked, id=4708, stack(0x00000084fad00000,0x00000084fae00000)]
  0x000001f4666c7800 JavaThread "Cache worker for file hash cache (C:\Users\Muppidathi\Documents\React Native Projects\InterviewStatusTracker\android\.gradle\7.2\fileHashes)" [_thread_blocked, id=3412, stack(0x00000084fae00000,0x00000084faf00000)]
  0x000001f4666d1000 JavaThread "Cache worker for checksums cache (C:\Users\Muppidathi\Documents\React Native Projects\InterviewStatusTracker\android\.gradle\checksums)" [_thread_blocked, id=9164, stack(0x00000084fb200000,0x00000084fb300000)]
  0x000001f4666d2000 JavaThread "Cache worker for cache directory md-supplier (C:\Users\Muppidathi\.gradle\caches\7.2\md-supplier)" [_thread_blocked, id=1760, stack(0x00000084fb500000,0x00000084fb600000)]
  0x000001f4666d3000 JavaThread "Cache worker for cache directory md-rule (C:\Users\Muppidathi\.gradle\caches\7.2\md-rule)" [_thread_blocked, id=4592, stack(0x00000084fb600000,0x00000084fb700000)]
  0x000001f4666ce000 JavaThread "Cache worker for dependencies-accessors (C:\Users\Muppidathi\Documents\React Native Projects\InterviewStatusTracker\android\.gradle\7.2\dependencies-accessors)" [_thread_blocked, id=11828, stack(0x00000084fb700000,0x00000084fb800000)]
  0x000001f4666d3800 JavaThread "Cache worker for Build Output Cleanup Cache (C:\Users\Muppidathi\Documents\React Native Projects\InterviewStatusTracker\android\.gradle\buildOutputCleanup)" [_thread_blocked, id=6256, stack(0x00000084fbc00000,0x00000084fbd00000)]
  0x000001f4666cf800 JavaThread "Unconstrained build operations" [_thread_blocked, id=7196, stack(0x00000084fbd00000,0x00000084fbe00000)]
  0x000001f4666d0800 JavaThread "Unconstrained build operations Thread 2" [_thread_blocked, id=8912, stack(0x00000084fbe00000,0x00000084fbf00000)]
  0x000001f4666d4800 JavaThread "Unconstrained build operations Thread 3" [_thread_blocked, id=7516, stack(0x00000084fbf00000,0x00000084fc000000)]
  0x000001f4666ce800 JavaThread "Unconstrained build operations Thread 4" [_thread_blocked, id=8308, stack(0x00000084fc000000,0x00000084fc100000)]
  0x000001f45e333800 JavaThread "Unconstrained build operations Thread 5" [_thread_blocked, id=11544, stack(0x00000084fc100000,0x00000084fc200000)]
  0x000001f45e334800 JavaThread "Unconstrained build operations Thread 6" [_thread_blocked, id=8992, stack(0x00000084fc200000,0x00000084fc300000)]
  0x000001f45e332000 JavaThread "Unconstrained build operations Thread 7" [_thread_blocked, id=11388, stack(0x00000084fc300000,0x00000084fc400000)]
  0x000001f45e335000 JavaThread "Unconstrained build operations Thread 8" [_thread_blocked, id=4288, stack(0x00000084fc400000,0x00000084fc500000)]
  0x000001f45e336000 JavaThread "Unconstrained build operations Thread 9" [_thread_blocked, id=484, stack(0x00000084fc500000,0x00000084fc600000)]
  0x000001f45e331000 JavaThread "Unconstrained build operations Thread 10" [_thread_blocked, id=11916, stack(0x00000084fc600000,0x00000084fc700000)]
  0x000001f45e330800 JavaThread "Unconstrained build operations Thread 11" [_thread_blocked, id=12436, stack(0x00000084fc700000,0x00000084fc800000)]
  0x000001f45e333000 JavaThread "Unconstrained build operations Thread 12" [_thread_blocked, id=9684, stack(0x00000084fc800000,0x00000084fc900000)]
  0x000001f45e337000 JavaThread "Unconstrained build operations Thread 13" [_thread_blocked, id=11552, stack(0x00000084fc900000,0x00000084fca00000)]
  0x000001f45e33d800 JavaThread "Unconstrained build operations Thread 14" [_thread_blocked, id=8, stack(0x00000084fca00000,0x00000084fcb00000)]
  0x000001f45e33b000 JavaThread "Unconstrained build operations Thread 15" [_thread_blocked, id=12688, stack(0x00000084fcb00000,0x00000084fcc00000)]
  0x000001f45e33c800 JavaThread "Unconstrained build operations Thread 16" [_thread_blocked, id=10228, stack(0x00000084fcc00000,0x00000084fcd00000)]
  0x000001f45e337800 JavaThread "Unconstrained build operations Thread 17" [_thread_blocked, id=12388, stack(0x00000084fcd00000,0x00000084fce00000)]
  0x000001f45e339800 JavaThread "Unconstrained build operations Thread 18" [_thread_blocked, id=2816, stack(0x00000084fce00000,0x00000084fcf00000)]
  0x000001f45fb51000 JavaThread "Unconstrained build operations Thread 19" [_thread_blocked, id=5320, stack(0x00000084fcf00000,0x00000084fd000000)]
  0x000001f45fb54000 JavaThread "Unconstrained build operations Thread 20" [_thread_blocked, id=9184, stack(0x00000084fd000000,0x00000084fd100000)]

Other Threads:
  0x000001f45cd0b000 VMThread "VM Thread" [stack: 0x00000084f9900000,0x00000084f9a00000] [id=7576]
  0x000001f45d847800 WatcherThread [stack: 0x00000084fa300000,0x00000084fa400000] [id=11320]
  0x000001f442239800 GCTaskThread "GC Thread#0" [stack: 0x00000084f9400000,0x00000084f9500000] [id=11732]
  0x000001f45ddb2000 GCTaskThread "GC Thread#1" [stack: 0x00000084fa400000,0x00000084fa500000] [id=9628]
  0x000001f44224a800 ConcurrentGCThread "G1 Main Marker" [stack: 0x00000084f9500000,0x00000084f9600000] [id=1324]
=>0x000001f44224b800 ConcurrentGCThread "G1 Conc#0" [stack: 0x00000084f9600000,0x00000084f9700000] [id=10876]
  0x000001f4422fe000 ConcurrentGCThread "G1 Refine#0" [stack: 0x00000084f9700000,0x00000084f9800000] [id=6460]
  0x000001f45cba2800 ConcurrentGCThread "G1 Young RemSet Sampling" [stack: 0x00000084f9800000,0x00000084f9900000] [id=10700]

Threads with active compile tasks:
C2 CompilerThread01825357 16515       4       org.gradle.api.internal.artifacts.ivyservice.resolveengine.graph.builder.DependencyGraphBuilder::resolveEdges (43 bytes)

VM state:not at safepoint (normal execution)

VM Mutex/Monitor currently owned by a thread: None

Heap address: 0x00000000e0000000, size: 512 MB, Compressed Oops mode: 32-bit
Narrow klass base: 0x0000000000000000, Narrow klass shift: 3
Compressed class space size: 260046848 Address: 0x0000000100000000

Heap:
 garbage-first heap   total 262144K, used 156672K [0x00000000e0000000, 0x0000000100000000)
  region size 1024K, 11 young (11264K), 10 survivors (10240K)
 Metaspace       used 108902K, capacity 112844K, committed 112892K, reserved 352256K
  class space    used 13550K, capacity 14976K, committed 14976K, reserved 253952K
Heap Regions: E=young(eden), S=young(survivor), O=old, HS=humongous(starts), HC=humongous(continues), CS=collection set, F=free, A=archive, TAMS=top-at-mark-start (previous, next)
|   0|0x00000000e0000000, 0x00000000e0100000, 0x00000000e0100000|100%|HS|  |TAMS 0x00000000e0100000, 0x00000000e0100000| Complete 
|   1|0x00000000e0100000, 0x00000000e0200000, 0x00000000e0200000|100%|HC|  |TAMS 0x00000000e0200000, 0x00000000e0200000| Complete 
|   2|0x00000000e0200000, 0x00000000e0300000, 0x00000000e0300000|100%|HC|  |TAMS 0x00000000e0300000, 0x00000000e0300000| Complete 
|   3|0x00000000e0300000, 0x00000000e0400000, 0x00000000e0400000|100%| O|  |TAMS 0x00000000e0400000, 0x00000000e0400000| Untracked 
|   4|0x00000000e0400000, 0x00000000e0500000, 0x00000000e0500000|100%| O|  |TAMS 0x00000000e0500000, 0x00000000e0500000| Untracked 
|   5|0x00000000e0500000, 0x00000000e0600000, 0x00000000e0600000|100%| O|  |TAMS 0x00000000e0600000, 0x00000000e0600000| Untracked 
|   6|0x00000000e0600000, 0x00000000e0700000, 0x00000000e0700000|100%| O|  |TAMS 0x00000000e0700000, 0x00000000e0700000| Untracked 
|   7|0x00000000e0700000, 0x00000000e0800000, 0x00000000e0800000|100%| O|  |TAMS 0x00000000e0800000, 0x00000000e0800000| Untracked 
|   8|0x00000000e0800000, 0x00000000e0900000, 0x00000000e0900000|100%| O|  |TAMS 0x00000000e0900000, 0x00000000e0900000| Untracked 
|   9|0x00000000e0900000, 0x00000000e0a00000, 0x00000000e0a00000|100%| O|  |TAMS 0x00000000e0a00000, 0x00000000e0a00000| Untracked 
|  10|0x00000000e0a00000, 0x00000000e0b00000, 0x00000000e0b00000|100%| O|  |TAMS 0x00000000e0b00000, 0x00000000e0b00000| Untracked 
|  11|0x00000000e0b00000, 0x00000000e0c00000, 0x00000000e0c00000|100%| O|  |TAMS 0x00000000e0c00000, 0x00000000e0c00000| Untracked 
|  12|0x00000000e0c00000, 0x00000000e0d00000, 0x00000000e0d00000|100%| O|  |TAMS 0x00000000e0d00000, 0x00000000e0d00000| Untracked 
|  13|0x00000000e0d00000, 0x00000000e0e00000, 0x00000000e0e00000|100%| O|  |TAMS 0x00000000e0e00000, 0x00000000e0e00000| Untracked 
|  14|0x00000000e0e00000, 0x00000000e0f00000, 0x00000000e0f00000|100%| O|  |TAMS 0x00000000e0f00000, 0x00000000e0f00000| Untracked 
|  15|0x00000000e0f00000, 0x00000000e1000000, 0x00000000e1000000|100%|HS|  |TAMS 0x00000000e1000000, 0x00000000e1000000| Complete 
|  16|0x00000000e1000000, 0x00000000e1100000, 0x00000000e1100000|100%|HS|  |TAMS 0x00000000e1100000, 0x00000000e1100000| Complete 
|  17|0x00000000e1100000, 0x00000000e1200000, 0x00000000e1200000|100%|HC|  |TAMS 0x00000000e1200000, 0x00000000e1200000| Complete 
|  18|0x00000000e1200000, 0x00000000e1300000, 0x00000000e1300000|100%| O|  |TAMS 0x00000000e1300000, 0x00000000e1300000| Untracked 
|  19|0x00000000e1300000, 0x00000000e1400000, 0x00000000e1400000|100%| O|  |TAMS 0x00000000e1400000, 0x00000000e1400000| Untracked 
|  20|0x00000000e1400000, 0x00000000e1500000, 0x00000000e1500000|100%| O|  |TAMS 0x00000000e1500000, 0x00000000e1500000| Untracked 
|  21|0x00000000e1500000, 0x00000000e1600000, 0x00000000e1600000|100%| O|  |TAMS 0x00000000e1600000, 0x00000000e1600000| Untracked 
|  22|0x00000000e1600000, 0x00000000e1700000, 0x00000000e1700000|100%| O|  |TAMS 0x00000000e1700000, 0x00000000e1700000| Untracked 
|  23|0x00000000e1700000, 0x00000000e1800000, 0x00000000e1800000|100%| O|  |TAMS 0x00000000e1800000, 0x00000000e1800000| Untracked 
|  24|0x00000000e1800000, 0x00000000e1900000, 0x00000000e1900000|100%| O|  |TAMS 0x00000000e1900000, 0x00000000e1900000| Untracked 
|  25|0x00000000e1900000, 0x00000000e1a00000, 0x00000000e1a00000|100%| O|  |TAMS 0x00000000e1a00000, 0x00000000e1a00000| Untracked 
|  26|0x00000000e1a00000, 0x00000000e1b00000, 0x00000000e1b00000|100%| O|  |TAMS 0x00000000e1b00000, 0x00000000e1b00000| Untracked 
|  27|0x00000000e1b00000, 0x00000000e1c00000, 0x00000000e1c00000|100%| O|  |TAMS 0x00000000e1c00000, 0x00000000e1c00000| Untracked 
|  28|0x00000000e1c00000, 0x00000000e1d00000, 0x00000000e1d00000|100%| O|  |TAMS 0x00000000e1d00000, 0x00000000e1d00000| Untracked 
|  29|0x00000000e1d00000, 0x00000000e1e00000, 0x00000000e1e00000|100%| O|  |TAMS 0x00000000e1e00000, 0x00000000e1e00000| Untracked 
|  30|0x00000000e1e00000, 0x00000000e1f00000, 0x00000000e1f00000|100%| O|  |TAMS 0x00000000e1f00000, 0x00000000e1f00000| Untracked 
|  31|0x00000000e1f00000, 0x00000000e2000000, 0x00000000e2000000|100%| O|  |TAMS 0x00000000e2000000, 0x00000000e2000000| Untracked 
|  32|0x00000000e2000000, 0x00000000e2100000, 0x00000000e2100000|100%| O|  |TAMS 0x00000000e2100000, 0x00000000e2100000| Untracked 
|  33|0x00000000e2100000, 0x00000000e2200000, 0x00000000e2200000|100%| O|  |TAMS 0x00000000e2200000, 0x00000000e2200000| Untracked 
|  34|0x00000000e2200000, 0x00000000e2300000, 0x00000000e2300000|100%| O|  |TAMS 0x00000000e2300000, 0x00000000e2300000| Untracked 
|  35|0x00000000e2300000, 0x00000000e2400000, 0x00000000e2400000|100%| O|  |TAMS 0x00000000e2400000, 0x00000000e2400000| Untracked 
|  36|0x00000000e2400000, 0x00000000e2500000, 0x00000000e2500000|100%| O|  |TAMS 0x00000000e2500000, 0x00000000e2500000| Untracked 
|  37|0x00000000e2500000, 0x00000000e2600000, 0x00000000e2600000|100%| O|  |TAMS 0x00000000e2600000, 0x00000000e2600000| Untracked 
|  38|0x00000000e2600000, 0x00000000e2700000, 0x00000000e2700000|100%| O|  |TAMS 0x00000000e2700000, 0x00000000e2700000| Untracked 
|  39|0x00000000e2700000, 0x00000000e2800000, 0x00000000e2800000|100%| O|  |TAMS 0x00000000e2800000, 0x00000000e2800000| Untracked 
|  40|0x00000000e2800000, 0x00000000e2900000, 0x00000000e2900000|100%| O|  |TAMS 0x00000000e2900000, 0x00000000e2900000| Untracked 
|  41|0x00000000e2900000, 0x00000000e2a00000, 0x00000000e2a00000|100%| O|  |TAMS 0x00000000e2a00000, 0x00000000e2a00000| Untracked 
|  42|0x00000000e2a00000, 0x00000000e2b00000, 0x00000000e2b00000|100%| O|  |TAMS 0x00000000e2b00000, 0x00000000e2b00000| Untracked 
|  43|0x00000000e2b00000, 0x00000000e2c00000, 0x00000000e2c00000|100%| O|  |TAMS 0x00000000e2c00000, 0x00000000e2c00000| Untracked 
|  44|0x00000000e2c00000, 0x00000000e2d00000, 0x00000000e2d00000|100%| O|  |TAMS 0x00000000e2d00000, 0x00000000e2d00000| Untracked 
|  45|0x00000000e2d00000, 0x00000000e2e00000, 0x00000000e2e00000|100%| O|  |TAMS 0x00000000e2e00000, 0x00000000e2e00000| Untracked 
|  46|0x00000000e2e00000, 0x00000000e2f00000, 0x00000000e2f00000|100%| O|  |TAMS 0x00000000e2f00000, 0x00000000e2f00000| Untracked 
|  47|0x00000000e2f00000, 0x00000000e3000000, 0x00000000e3000000|100%| O|  |TAMS 0x00000000e3000000, 0x00000000e3000000| Untracked 
|  48|0x00000000e3000000, 0x00000000e3100000, 0x00000000e3100000|100%| O|  |TAMS 0x00000000e3100000, 0x00000000e3100000| Untracked 
|  49|0x00000000e3100000, 0x00000000e3200000, 0x00000000e3200000|100%| O|  |TAMS 0x00000000e3200000, 0x00000000e3200000| Untracked 
|  50|0x00000000e3200000, 0x00000000e3300000, 0x00000000e3300000|100%| O|  |TAMS 0x00000000e3300000, 0x00000000e3300000| Untracked 
|  51|0x00000000e3300000, 0x00000000e3400000, 0x00000000e3400000|100%| O|  |TAMS 0x00000000e3400000, 0x00000000e3400000| Untracked 
|  52|0x00000000e3400000, 0x00000000e3500000, 0x00000000e3500000|100%|HS|  |TAMS 0x00000000e3500000, 0x00000000e3500000| Complete 
|  53|0x00000000e3500000, 0x00000000e3600000, 0x00000000e3600000|100%|HC|  |TAMS 0x00000000e3600000, 0x00000000e3600000| Complete 
|  54|0x00000000e3600000, 0x00000000e3700000, 0x00000000e3700000|100%|HS|  |TAMS 0x00000000e3700000, 0x00000000e3700000| Complete 
|  55|0x00000000e3700000, 0x00000000e3800000, 0x00000000e3800000|100%|HC|  |TAMS 0x00000000e3800000, 0x00000000e3800000| Complete 
|  56|0x00000000e3800000, 0x00000000e3900000, 0x00000000e3900000|100%|HS|  |TAMS 0x00000000e3900000, 0x00000000e3900000| Complete 
|  57|0x00000000e3900000, 0x00000000e3a00000, 0x00000000e3a00000|100%|HS|  |TAMS 0x00000000e3a00000, 0x00000000e3a00000| Complete 
|  58|0x00000000e3a00000, 0x00000000e3b00000, 0x00000000e3b00000|100%|HC|  |TAMS 0x00000000e3b00000, 0x00000000e3b00000| Complete 
|  59|0x00000000e3b00000, 0x00000000e3c00000, 0x00000000e3c00000|100%|HC|  |TAMS 0x00000000e3c00000, 0x00000000e3c00000| Complete 
|  60|0x00000000e3c00000, 0x00000000e3d00000, 0x00000000e3d00000|100%| O|  |TAMS 0x00000000e3d00000, 0x00000000e3d00000| Untracked 
|  61|0x00000000e3d00000, 0x00000000e3e00000, 0x00000000e3e00000|100%| O|  |TAMS 0x00000000e3e00000, 0x00000000e3e00000| Untracked 
|  62|0x00000000e3e00000, 0x00000000e3f00000, 0x00000000e3f00000|100%| O|  |TAMS 0x00000000e3f00000, 0x00000000e3f00000| Untracked 
|  63|0x00000000e3f00000, 0x00000000e4000000, 0x00000000e4000000|100%| O|  |TAMS 0x00000000e4000000, 0x00000000e4000000| Untracked 
|  64|0x00000000e4000000, 0x00000000e4100000, 0x00000000e4100000|100%| O|  |TAMS 0x00000000e4100000, 0x00000000e4100000| Untracked 
|  65|0x00000000e4100000, 0x00000000e4200000, 0x00000000e4200000|100%| O|  |TAMS 0x00000000e4200000, 0x00000000e4200000| Untracked 
|  66|0x00000000e4200000, 0x00000000e4300000, 0x00000000e4300000|100%| O|  |TAMS 0x00000000e4300000, 0x00000000e4300000| Untracked 
|  67|0x00000000e4300000, 0x00000000e4400000, 0x00000000e4400000|100%| O|  |TAMS 0x00000000e4400000, 0x00000000e4400000| Untracked 
|  68|0x00000000e4400000, 0x00000000e4500000, 0x00000000e4500000|100%|HS|  |TAMS 0x00000000e4500000, 0x00000000e4500000| Complete 
|  69|0x00000000e4500000, 0x00000000e4600000, 0x00000000e4600000|100%|HC|  |TAMS 0x00000000e4600000, 0x00000000e4600000| Complete 
|  70|0x00000000e4600000, 0x00000000e4700000, 0x00000000e4700000|100%|HC|  |TAMS 0x00000000e4700000, 0x00000000e4700000| Complete 
|  71|0x00000000e4700000, 0x00000000e4800000, 0x00000000e4800000|100%| O|  |TAMS 0x00000000e4800000, 0x00000000e4800000| Untracked 
|  72|0x00000000e4800000, 0x00000000e4900000, 0x00000000e4900000|100%| O|  |TAMS 0x00000000e4900000, 0x00000000e4900000| Untracked 
|  73|0x00000000e4900000, 0x00000000e4a00000, 0x00000000e4a00000|100%| O|  |TAMS 0x00000000e4a00000, 0x00000000e4a00000| Untracked 
|  74|0x00000000e4a00000, 0x00000000e4b00000, 0x00000000e4b00000|100%| O|  |TAMS 0x00000000e4b00000, 0x00000000e4b00000| Untracked 
|  75|0x00000000e4b00000, 0x00000000e4c00000, 0x00000000e4c00000|100%| O|  |TAMS 0x00000000e4c00000, 0x00000000e4c00000| Untracked 
|  76|0x00000000e4c00000, 0x00000000e4d00000, 0x00000000e4d00000|100%| O|  |TAMS 0x00000000e4d00000, 0x00000000e4d00000| Untracked 
|  77|0x00000000e4d00000, 0x00000000e4e00000, 0x00000000e4e00000|100%| O|  |TAMS 0x00000000e4e00000, 0x00000000e4e00000| Untracked 
|  78|0x00000000e4e00000, 0x00000000e4f00000, 0x00000000e4f00000|100%| O|  |TAMS 0x00000000e4f00000, 0x00000000e4f00000| Untracked 
|  79|0x00000000e4f00000, 0x00000000e5000000, 0x00000000e5000000|100%| O|  |TAMS 0x00000000e5000000, 0x00000000e5000000| Untracked 
|  80|0x00000000e5000000, 0x00000000e5100000, 0x00000000e5100000|100%| O|  |TAMS 0x00000000e5100000, 0x00000000e5100000| Untracked 
|  81|0x00000000e5100000, 0x00000000e5200000, 0x00000000e5200000|100%| O|  |TAMS 0x00000000e5200000, 0x00000000e5200000| Untracked 
|  82|0x00000000e5200000, 0x00000000e5300000, 0x00000000e5300000|100%| O|  |TAMS 0x00000000e5300000, 0x00000000e5300000| Untracked 
|  83|0x00000000e5300000, 0x00000000e5400000, 0x00000000e5400000|100%| O|  |TAMS 0x00000000e5400000, 0x00000000e5400000| Untracked 
|  84|0x00000000e5400000, 0x00000000e5500000, 0x00000000e5500000|100%| O|  |TAMS 0x00000000e5500000, 0x00000000e5500000| Untracked 
|  85|0x00000000e5500000, 0x00000000e5600000, 0x00000000e5600000|100%| O|  |TAMS 0x00000000e5600000, 0x00000000e5600000| Untracked 
|  86|0x00000000e5600000, 0x00000000e5700000, 0x00000000e5700000|100%| O|  |TAMS 0x00000000e5700000, 0x00000000e5700000| Untracked 
|  87|0x00000000e5700000, 0x00000000e5800000, 0x00000000e5800000|100%| O|  |TAMS 0x00000000e5800000, 0x00000000e5800000| Untracked 
|  88|0x00000000e5800000, 0x00000000e5900000, 0x00000000e5900000|100%| O|  |TAMS 0x00000000e5900000, 0x00000000e5900000| Untracked 
|  89|0x00000000e5900000, 0x00000000e5a00000, 0x00000000e5a00000|100%| O|  |TAMS 0x00000000e5a00000, 0x00000000e5a00000| Untracked 
|  90|0x00000000e5a00000, 0x00000000e5b00000, 0x00000000e5b00000|100%| O|  |TAMS 0x00000000e5b00000, 0x00000000e5b00000| Untracked 
|  91|0x00000000e5b00000, 0x00000000e5c00000, 0x00000000e5c00000|100%| O|  |TAMS 0x00000000e5c00000, 0x00000000e5c00000| Untracked 
|  92|0x00000000e5c00000, 0x00000000e5d00000, 0x00000000e5d00000|100%| O|  |TAMS 0x00000000e5d00000, 0x00000000e5d00000| Untracked 
|  93|0x00000000e5d00000, 0x00000000e5e00000, 0x00000000e5e00000|100%| O|  |TAMS 0x00000000e5e00000, 0x00000000e5e00000| Untracked 
|  94|0x00000000e5e00000, 0x00000000e5f00000, 0x00000000e5f00000|100%| O|  |TAMS 0x00000000e5f00000, 0x00000000e5f00000| Untracked 
|  95|0x00000000e5f00000, 0x00000000e6000000, 0x00000000e6000000|100%| O|  |TAMS 0x00000000e6000000, 0x00000000e6000000| Untracked 
|  96|0x00000000e6000000, 0x00000000e6100000, 0x00000000e6100000|100%| O|  |TAMS 0x00000000e6100000, 0x00000000e6100000| Untracked 
|  97|0x00000000e6100000, 0x00000000e6200000, 0x00000000e6200000|100%| O|  |TAMS 0x00000000e6200000, 0x00000000e6200000| Untracked 
|  98|0x00000000e6200000, 0x00000000e6300000, 0x00000000e6300000|100%| O|  |TAMS 0x00000000e6300000, 0x00000000e6300000| Untracked 
|  99|0x00000000e6300000, 0x00000000e6400000, 0x00000000e6400000|100%| O|  |TAMS 0x00000000e6400000, 0x00000000e6400000| Untracked 
| 100|0x00000000e6400000, 0x00000000e6500000, 0x00000000e6500000|100%| O|  |TAMS 0x00000000e6500000, 0x00000000e6500000| Untracked 
| 101|0x00000000e6500000, 0x00000000e6600000, 0x00000000e6600000|100%| O|  |TAMS 0x00000000e6600000, 0x00000000e6600000| Untracked 
| 102|0x00000000e6600000, 0x00000000e6700000, 0x00000000e6700000|100%| O|  |TAMS 0x00000000e6700000, 0x00000000e6700000| Untracked 
| 103|0x00000000e6700000, 0x00000000e6800000, 0x00000000e6800000|100%| O|  |TAMS 0x00000000e6800000, 0x00000000e6800000| Untracked 
| 104|0x00000000e6800000, 0x00000000e6900000, 0x00000000e6900000|100%| O|  |TAMS 0x00000000e6900000, 0x00000000e6900000| Untracked 
| 105|0x00000000e6900000, 0x00000000e6a00000, 0x00000000e6a00000|100%| O|  |TAMS 0x00000000e6a00000, 0x00000000e6a00000| Untracked 
| 106|0x00000000e6a00000, 0x00000000e6b00000, 0x00000000e6b00000|100%| O|  |TAMS 0x00000000e6b00000, 0x00000000e6b00000| Untracked 
| 107|0x00000000e6b00000, 0x00000000e6c00000, 0x00000000e6c00000|100%| O|  |TAMS 0x00000000e6c00000, 0x00000000e6c00000| Untracked 
| 108|0x00000000e6c00000, 0x00000000e6d00000, 0x00000000e6d00000|100%| O|  |TAMS 0x00000000e6d00000, 0x00000000e6d00000| Untracked 
| 109|0x00000000e6d00000, 0x00000000e6e00000, 0x00000000e6e00000|100%| O|  |TAMS 0x00000000e6e00000, 0x00000000e6e00000| Untracked 
| 110|0x00000000e6e00000, 0x00000000e6f00000, 0x00000000e6f00000|100%| O|  |TAMS 0x00000000e6f00000, 0x00000000e6f00000| Untracked 
| 111|0x00000000e6f00000, 0x00000000e7000000, 0x00000000e7000000|100%| O|  |TAMS 0x00000000e7000000, 0x00000000e7000000| Untracked 
| 112|0x00000000e7000000, 0x00000000e7100000, 0x00000000e7100000|100%| O|  |TAMS 0x00000000e7100000, 0x00000000e7100000| Untracked 
| 113|0x00000000e7100000, 0x00000000e7200000, 0x00000000e7200000|100%| O|  |TAMS 0x00000000e7200000, 0x00000000e7200000| Untracked 
| 114|0x00000000e7200000, 0x00000000e7300000, 0x00000000e7300000|100%| O|  |TAMS 0x00000000e7300000, 0x00000000e7300000| Untracked 
| 115|0x00000000e7300000, 0x00000000e7400000, 0x00000000e7400000|100%| O|  |TAMS 0x00000000e7400000, 0x00000000e7400000| Untracked 
| 116|0x00000000e7400000, 0x00000000e7500000, 0x00000000e7500000|100%| O|  |TAMS 0x00000000e7500000, 0x00000000e7500000| Untracked 
| 117|0x00000000e7500000, 0x00000000e7600000, 0x00000000e7600000|100%| O|  |TAMS 0x00000000e7600000, 0x00000000e7600000| Untracked 
| 118|0x00000000e7600000, 0x00000000e7700000, 0x00000000e7700000|100%| O|  |TAMS 0x00000000e7700000, 0x00000000e7700000| Untracked 
| 119|0x00000000e7700000, 0x00000000e7800000, 0x00000000e7800000|100%| O|  |TAMS 0x00000000e7800000, 0x00000000e7800000| Untracked 
| 120|0x00000000e7800000, 0x00000000e7900000, 0x00000000e7900000|100%| O|  |TAMS 0x00000000e7900000, 0x00000000e7900000| Untracked 
| 121|0x00000000e7900000, 0x00000000e7a00000, 0x00000000e7a00000|100%| O|  |TAMS 0x00000000e7a00000, 0x00000000e7a00000| Untracked 
| 122|0x00000000e7a00000, 0x00000000e7b00000, 0x00000000e7b00000|100%| O|  |TAMS 0x00000000e7b00000, 0x00000000e7b00000| Untracked 
| 123|0x00000000e7b00000, 0x00000000e7c00000, 0x00000000e7c00000|100%| O|  |TAMS 0x00000000e7c00000, 0x00000000e7c00000| Untracked 
| 124|0x00000000e7c00000, 0x00000000e7d00000, 0x00000000e7d00000|100%| O|  |TAMS 0x00000000e7d00000, 0x00000000e7d00000| Untracked 
| 125|0x00000000e7d00000, 0x00000000e7e00000, 0x00000000e7e00000|100%| O|  |TAMS 0x00000000e7e00000, 0x00000000e7e00000| Untracked 
| 126|0x00000000e7e00000, 0x00000000e7f00000, 0x00000000e7f00000|100%| O|  |TAMS 0x00000000e7f00000, 0x00000000e7f00000| Untracked 
| 127|0x00000000e7f00000, 0x00000000e8000000, 0x00000000e8000000|100%| O|  |TAMS 0x00000000e8000000, 0x00000000e8000000| Untracked 
| 128|0x00000000e8000000, 0x00000000e8100000, 0x00000000e8100000|100%| O|  |TAMS 0x00000000e8100000, 0x00000000e8100000| Untracked 
| 129|0x00000000e8100000, 0x00000000e8200000, 0x00000000e8200000|100%| O|  |TAMS 0x00000000e81ca800, 0x00000000e8200000| Untracked 
| 130|0x00000000e8200000, 0x00000000e8300000, 0x00000000e8300000|100%| O|  |TAMS 0x00000000e8200000, 0x00000000e8300000| Untracked 
| 131|0x00000000e8300000, 0x00000000e8400000, 0x00000000e8400000|100%| O|  |TAMS 0x00000000e8300000, 0x00000000e8400000| Untracked 
| 132|0x00000000e8400000, 0x00000000e8500000, 0x00000000e8500000|100%| O|  |TAMS 0x00000000e8400000, 0x00000000e8500000| Untracked 
| 133|0x00000000e8500000, 0x00000000e8600000, 0x00000000e8600000|100%| O|  |TAMS 0x00000000e8500000, 0x00000000e8600000| Untracked 
| 134|0x00000000e8600000, 0x00000000e8700000, 0x00000000e8700000|100%| O|  |TAMS 0x00000000e8600000, 0x00000000e8700000| Untracked 
| 135|0x00000000e8700000, 0x00000000e8800000, 0x00000000e8800000|100%| O|  |TAMS 0x00000000e8700000, 0x00000000e8800000| Untracked 
| 136|0x00000000e8800000, 0x00000000e8900000, 0x00000000e8900000|100%| O|  |TAMS 0x00000000e8800000, 0x00000000e8900000| Untracked 
| 137|0x00000000e8900000, 0x00000000e8a00000, 0x00000000e8a00000|100%| O|  |TAMS 0x00000000e8900000, 0x00000000e8a00000| Untracked 
| 138|0x00000000e8a00000, 0x00000000e8b00000, 0x00000000e8b00000|100%| O|  |TAMS 0x00000000e8a00000, 0x00000000e8b00000| Untracked 
| 139|0x00000000e8b00000, 0x00000000e8c00000, 0x00000000e8c00000|100%| O|  |TAMS 0x00000000e8b00000, 0x00000000e8c00000| Untracked 
| 140|0x00000000e8c00000, 0x00000000e8d00000, 0x00000000e8d00000|100%| O|  |TAMS 0x00000000e8c00000, 0x00000000e8d00000| Untracked 
| 141|0x00000000e8d00000, 0x00000000e8e00000, 0x00000000e8e00000|100%| O|  |TAMS 0x00000000e8d00000, 0x00000000e8e00000| Untracked 
| 142|0x00000000e8e00000, 0x00000000e8f00000, 0x00000000e8f00000|100%| O|  |TAMS 0x00000000e8e00000, 0x00000000e8f00000| Untracked 
| 143|0x00000000e8f00000, 0x00000000e8f00000, 0x00000000e9000000|  0%| F|  |TAMS 0x00000000e8f00000, 0x00000000e8f00000| Untracked 
| 144|0x00000000e9000000, 0x00000000e9000000, 0x00000000e9100000|  0%| F|  |TAMS 0x00000000e9000000, 0x00000000e9000000| Untracked 
| 145|0x00000000e9100000, 0x00000000e9100000, 0x00000000e9200000|  0%| F|  |TAMS 0x00000000e9100000, 0x00000000e9100000| Untracked 
| 146|0x00000000e9200000, 0x00000000e9200000, 0x00000000e9300000|  0%| F|  |TAMS 0x00000000e9200000, 0x00000000e9200000| Untracked 
| 147|0x00000000e9300000, 0x00000000e9300000, 0x00000000e9400000|  0%| F|  |TAMS 0x00000000e9300000, 0x00000000e9300000| Untracked 
| 148|0x00000000e9400000, 0x00000000e9400000, 0x00000000e9500000|  0%| F|  |TAMS 0x00000000e9400000, 0x00000000e9400000| Untracked 
| 149|0x00000000e9500000, 0x00000000e9500000, 0x00000000e9600000|  0%| F|  |TAMS 0x00000000e9500000, 0x00000000e9500000| Untracked 
| 150|0x00000000e9600000, 0x00000000e9600000, 0x00000000e9700000|  0%| F|  |TAMS 0x00000000e9600000, 0x00000000e9600000| Untracked 
| 151|0x00000000e9700000, 0x00000000e9700000, 0x00000000e9800000|  0%| F|  |TAMS 0x00000000e9700000, 0x00000000e9700000| Untracked 
| 152|0x00000000e9800000, 0x00000000e9800000, 0x00000000e9900000|  0%| F|  |TAMS 0x00000000e9800000, 0x00000000e9800000| Untracked 
| 153|0x00000000e9900000, 0x00000000e9900000, 0x00000000e9a00000|  0%| F|  |TAMS 0x00000000e9900000, 0x00000000e9900000| Untracked 
| 154|0x00000000e9a00000, 0x00000000e9a00000, 0x00000000e9b00000|  0%| F|  |TAMS 0x00000000e9a00000, 0x00000000e9a00000| Untracked 
| 155|0x00000000e9b00000, 0x00000000e9b00000, 0x00000000e9c00000|  0%| F|  |TAMS 0x00000000e9b00000, 0x00000000e9b00000| Untracked 
| 156|0x00000000e9c00000, 0x00000000e9c00000, 0x00000000e9d00000|  0%| F|  |TAMS 0x00000000e9c00000, 0x00000000e9c00000| Untracked 
| 157|0x00000000e9d00000, 0x00000000e9d00000, 0x00000000e9e00000|  0%| F|  |TAMS 0x00000000e9d00000, 0x00000000e9d00000| Untracked 
| 158|0x00000000e9e00000, 0x00000000e9e00000, 0x00000000e9f00000|  0%| F|  |TAMS 0x00000000e9e00000, 0x00000000e9e00000| Untracked 
| 159|0x00000000e9f00000, 0x00000000e9f00000, 0x00000000ea000000|  0%| F|  |TAMS 0x00000000e9f00000, 0x00000000e9f00000| Untracked 
| 160|0x00000000ea000000, 0x00000000ea000000, 0x00000000ea100000|  0%| F|  |TAMS 0x00000000ea000000, 0x00000000ea000000| Untracked 
| 161|0x00000000ea100000, 0x00000000ea100000, 0x00000000ea200000|  0%| F|  |TAMS 0x00000000ea100000, 0x00000000ea100000| Untracked 
| 162|0x00000000ea200000, 0x00000000ea200000, 0x00000000ea300000|  0%| F|  |TAMS 0x00000000ea200000, 0x00000000ea200000| Untracked 
| 163|0x00000000ea300000, 0x00000000ea300000, 0x00000000ea400000|  0%| F|  |TAMS 0x00000000ea300000, 0x00000000ea300000| Untracked 
| 164|0x00000000ea400000, 0x00000000ea400000, 0x00000000ea500000|  0%| F|  |TAMS 0x00000000ea400000, 0x00000000ea400000| Untracked 
| 165|0x00000000ea500000, 0x00000000ea500000, 0x00000000ea600000|  0%| F|  |TAMS 0x00000000ea500000, 0x00000000ea500000| Untracked 
| 166|0x00000000ea600000, 0x00000000ea600000, 0x00000000ea700000|  0%| F|  |TAMS 0x00000000ea600000, 0x00000000ea600000| Untracked 
| 167|0x00000000ea700000, 0x00000000ea700000, 0x00000000ea800000|  0%| F|  |TAMS 0x00000000ea700000, 0x00000000ea700000| Untracked 
| 168|0x00000000ea800000, 0x00000000ea800000, 0x00000000ea900000|  0%| F|  |TAMS 0x00000000ea800000, 0x00000000ea800000| Untracked 
| 169|0x00000000ea900000, 0x00000000ea900000, 0x00000000eaa00000|  0%| F|  |TAMS 0x00000000ea900000, 0x00000000ea900000| Untracked 
| 170|0x00000000eaa00000, 0x00000000eaa00000, 0x00000000eab00000|  0%| F|  |TAMS 0x00000000eaa00000, 0x00000000eaa00000| Untracked 
| 171|0x00000000eab00000, 0x00000000eab00000, 0x00000000eac00000|  0%| F|  |TAMS 0x00000000eab00000, 0x00000000eab00000| Untracked 
| 172|0x00000000eac00000, 0x00000000ead00000, 0x00000000ead00000|100%| S|CS|TAMS 0x00000000eac00000, 0x00000000eac00000| Complete 
| 173|0x00000000ead00000, 0x00000000eae00000, 0x00000000eae00000|100%| S|CS|TAMS 0x00000000ead00000, 0x00000000ead00000| Complete 
| 174|0x00000000eae00000, 0x00000000eaf00000, 0x00000000eaf00000|100%| S|CS|TAMS 0x00000000eae00000, 0x00000000eae00000| Complete 
| 175|0x00000000eaf00000, 0x00000000eb000000, 0x00000000eb000000|100%| S|CS|TAMS 0x00000000eaf00000, 0x00000000eaf00000| Complete 
| 176|0x00000000eb000000, 0x00000000eb100000, 0x00000000eb100000|100%| S|CS|TAMS 0x00000000eb000000, 0x00000000eb000000| Complete 
| 177|0x00000000eb100000, 0x00000000eb200000, 0x00000000eb200000|100%| S|CS|TAMS 0x00000000eb100000, 0x00000000eb100000| Complete 
| 178|0x00000000eb200000, 0x00000000eb300000, 0x00000000eb300000|100%| S|CS|TAMS 0x00000000eb200000, 0x00000000eb200000| Complete 
| 179|0x00000000eb300000, 0x00000000eb400000, 0x00000000eb400000|100%| S|CS|TAMS 0x00000000eb300000, 0x00000000eb300000| Complete 
| 180|0x00000000eb400000, 0x00000000eb500000, 0x00000000eb500000|100%| S|CS|TAMS 0x00000000eb400000, 0x00000000eb400000| Complete 
| 181|0x00000000eb500000, 0x00000000eb600000, 0x00000000eb600000|100%| S|CS|TAMS 0x00000000eb500000, 0x00000000eb500000| Complete 
| 182|0x00000000eb600000, 0x00000000eb600000, 0x00000000eb700000|  0%| F|  |TAMS 0x00000000eb600000, 0x00000000eb600000| Untracked 
| 183|0x00000000eb700000, 0x00000000eb700000, 0x00000000eb800000|  0%| F|  |TAMS 0x00000000eb700000, 0x00000000eb700000| Untracked 
| 184|0x00000000eb800000, 0x00000000eb800000, 0x00000000eb900000|  0%| F|  |TAMS 0x00000000eb800000, 0x00000000eb800000| Untracked 
| 185|0x00000000eb900000, 0x00000000eb900000, 0x00000000eba00000|  0%| F|  |TAMS 0x00000000eb900000, 0x00000000eb900000| Untracked 
| 186|0x00000000eba00000, 0x00000000eba00000, 0x00000000ebb00000|  0%| F|  |TAMS 0x00000000eba00000, 0x00000000eba00000| Untracked 
| 187|0x00000000ebb00000, 0x00000000ebb00000, 0x00000000ebc00000|  0%| F|  |TAMS 0x00000000ebb00000, 0x00000000ebb00000| Untracked 
| 188|0x00000000ebc00000, 0x00000000ebc00000, 0x00000000ebd00000|  0%| F|  |TAMS 0x00000000ebc00000, 0x00000000ebc00000| Untracked 
| 189|0x00000000ebd00000, 0x00000000ebd00000, 0x00000000ebe00000|  0%| F|  |TAMS 0x00000000ebd00000, 0x00000000ebd00000| Untracked 
| 190|0x00000000ebe00000, 0x00000000ebe00000, 0x00000000ebf00000|  0%| F|  |TAMS 0x00000000ebe00000, 0x00000000ebe00000| Untracked 
| 191|0x00000000ebf00000, 0x00000000ebf00000, 0x00000000ec000000|  0%| F|  |TAMS 0x00000000ebf00000, 0x00000000ebf00000| Untracked 
| 192|0x00000000ec000000, 0x00000000ec000000, 0x00000000ec100000|  0%| F|  |TAMS 0x00000000ec000000, 0x00000000ec000000| Untracked 
| 193|0x00000000ec100000, 0x00000000ec100000, 0x00000000ec200000|  0%| F|  |TAMS 0x00000000ec100000, 0x00000000ec100000| Untracked 
| 194|0x00000000ec200000, 0x00000000ec200000, 0x00000000ec300000|  0%| F|  |TAMS 0x00000000ec200000, 0x00000000ec200000| Untracked 
| 195|0x00000000ec300000, 0x00000000ec300000, 0x00000000ec400000|  0%| F|  |TAMS 0x00000000ec300000, 0x00000000ec300000| Untracked 
| 196|0x00000000ec400000, 0x00000000ec400000, 0x00000000ec500000|  0%| F|  |TAMS 0x00000000ec400000, 0x00000000ec400000| Untracked 
| 197|0x00000000ec500000, 0x00000000ec500000, 0x00000000ec600000|  0%| F|  |TAMS 0x00000000ec500000, 0x00000000ec500000| Untracked 
| 198|0x00000000ec600000, 0x00000000ec600000, 0x00000000ec700000|  0%| F|  |TAMS 0x00000000ec600000, 0x00000000ec600000| Untracked 
| 199|0x00000000ec700000, 0x00000000ec700000, 0x00000000ec800000|  0%| F|  |TAMS 0x00000000ec700000, 0x00000000ec700000| Untracked 
| 200|0x00000000ec800000, 0x00000000ec800000, 0x00000000ec900000|  0%| F|  |TAMS 0x00000000ec800000, 0x00000000ec800000| Untracked 
| 201|0x00000000ec900000, 0x00000000ec900000, 0x00000000eca00000|  0%| F|  |TAMS 0x00000000ec900000, 0x00000000ec900000| Untracked 
| 202|0x00000000eca00000, 0x00000000eca00000, 0x00000000ecb00000|  0%| F|  |TAMS 0x00000000eca00000, 0x00000000eca00000| Untracked 
| 203|0x00000000ecb00000, 0x00000000ecb00000, 0x00000000ecc00000|  0%| F|  |TAMS 0x00000000ecb00000, 0x00000000ecb00000| Untracked 
| 204|0x00000000ecc00000, 0x00000000ecc00000, 0x00000000ecd00000|  0%| F|  |TAMS 0x00000000ecc00000, 0x00000000ecc00000| Untracked 
| 205|0x00000000ecd00000, 0x00000000ecd00000, 0x00000000ece00000|  0%| F|  |TAMS 0x00000000ecd00000, 0x00000000ecd00000| Untracked 
| 206|0x00000000ece00000, 0x00000000ece00000, 0x00000000ecf00000|  0%| F|  |TAMS 0x00000000ece00000, 0x00000000ece00000| Untracked 
| 207|0x00000000ecf00000, 0x00000000ecf00000, 0x00000000ed000000|  0%| F|  |TAMS 0x00000000ecf00000, 0x00000000ecf00000| Untracked 
| 208|0x00000000ed000000, 0x00000000ed000000, 0x00000000ed100000|  0%| F|  |TAMS 0x00000000ed000000, 0x00000000ed000000| Untracked 
| 209|0x00000000ed100000, 0x00000000ed100000, 0x00000000ed200000|  0%| F|  |TAMS 0x00000000ed100000, 0x00000000ed100000| Untracked 
| 210|0x00000000ed200000, 0x00000000ed200000, 0x00000000ed300000|  0%| F|  |TAMS 0x00000000ed200000, 0x00000000ed200000| Untracked 
| 211|0x00000000ed300000, 0x00000000ed300000, 0x00000000ed400000|  0%| F|  |TAMS 0x00000000ed300000, 0x00000000ed300000| Untracked 
| 212|0x00000000ed400000, 0x00000000ed400000, 0x00000000ed500000|  0%| F|  |TAMS 0x00000000ed400000, 0x00000000ed400000| Untracked 
| 213|0x00000000ed500000, 0x00000000ed500000, 0x00000000ed600000|  0%| F|  |TAMS 0x00000000ed500000, 0x00000000ed500000| Untracked 
| 214|0x00000000ed600000, 0x00000000ed600000, 0x00000000ed700000|  0%| F|  |TAMS 0x00000000ed600000, 0x00000000ed600000| Untracked 
| 215|0x00000000ed700000, 0x00000000ed700000, 0x00000000ed800000|  0%| F|  |TAMS 0x00000000ed700000, 0x00000000ed700000| Untracked 
| 216|0x00000000ed800000, 0x00000000ed800000, 0x00000000ed900000|  0%| F|  |TAMS 0x00000000ed800000, 0x00000000ed800000| Untracked 
| 217|0x00000000ed900000, 0x00000000ed900000, 0x00000000eda00000|  0%| F|  |TAMS 0x00000000ed900000, 0x00000000ed900000| Untracked 
| 218|0x00000000eda00000, 0x00000000eda00000, 0x00000000edb00000|  0%| F|  |TAMS 0x00000000eda00000, 0x00000000eda00000| Untracked 
| 219|0x00000000edb00000, 0x00000000edb00000, 0x00000000edc00000|  0%| F|  |TAMS 0x00000000edb00000, 0x00000000edb00000| Untracked 
| 220|0x00000000edc00000, 0x00000000edc00000, 0x00000000edd00000|  0%| F|  |TAMS 0x00000000edc00000, 0x00000000edc00000| Untracked 
| 221|0x00000000edd00000, 0x00000000edd00000, 0x00000000ede00000|  0%| F|  |TAMS 0x00000000edd00000, 0x00000000edd00000| Untracked 
| 222|0x00000000ede00000, 0x00000000ede00000, 0x00000000edf00000|  0%| F|  |TAMS 0x00000000ede00000, 0x00000000ede00000| Untracked 
| 223|0x00000000edf00000, 0x00000000edf00000, 0x00000000ee000000|  0%| F|  |TAMS 0x00000000edf00000, 0x00000000edf00000| Untracked 
| 224|0x00000000ee000000, 0x00000000ee000000, 0x00000000ee100000|  0%| F|  |TAMS 0x00000000ee000000, 0x00000000ee000000| Untracked 
| 225|0x00000000ee100000, 0x00000000ee100000, 0x00000000ee200000|  0%| F|  |TAMS 0x00000000ee100000, 0x00000000ee100000| Untracked 
| 226|0x00000000ee200000, 0x00000000ee200000, 0x00000000ee300000|  0%| F|  |TAMS 0x00000000ee200000, 0x00000000ee200000| Untracked 
| 227|0x00000000ee300000, 0x00000000ee300000, 0x00000000ee400000|  0%| F|  |TAMS 0x00000000ee300000, 0x00000000ee300000| Untracked 
| 228|0x00000000ee400000, 0x00000000ee400000, 0x00000000ee500000|  0%| F|  |TAMS 0x00000000ee400000, 0x00000000ee400000| Untracked 
| 229|0x00000000ee500000, 0x00000000ee500000, 0x00000000ee600000|  0%| F|  |TAMS 0x00000000ee500000, 0x00000000ee500000| Untracked 
| 230|0x00000000ee600000, 0x00000000ee600000, 0x00000000ee700000|  0%| F|  |TAMS 0x00000000ee600000, 0x00000000ee600000| Untracked 
| 231|0x00000000ee700000, 0x00000000ee700000, 0x00000000ee800000|  0%| F|  |TAMS 0x00000000ee700000, 0x00000000ee700000| Untracked 
| 232|0x00000000ee800000, 0x00000000ee800000, 0x00000000ee900000|  0%| F|  |TAMS 0x00000000ee800000, 0x00000000ee800000| Untracked 
| 233|0x00000000ee900000, 0x00000000ee900000, 0x00000000eea00000|  0%| F|  |TAMS 0x00000000ee900000, 0x00000000ee900000| Untracked 
| 234|0x00000000eea00000, 0x00000000eea00000, 0x00000000eeb00000|  0%| F|  |TAMS 0x00000000eea00000, 0x00000000eea00000| Untracked 
| 235|0x00000000eeb00000, 0x00000000eeb00000, 0x00000000eec00000|  0%| F|  |TAMS 0x00000000eeb00000, 0x00000000eeb00000| Untracked 
| 236|0x00000000eec00000, 0x00000000eec00000, 0x00000000eed00000|  0%| F|  |TAMS 0x00000000eec00000, 0x00000000eec00000| Untracked 
| 237|0x00000000eed00000, 0x00000000eed00000, 0x00000000eee00000|  0%| F|  |TAMS 0x00000000eed00000, 0x00000000eed00000| Untracked 
| 238|0x00000000eee00000, 0x00000000eee00000, 0x00000000eef00000|  0%| F|  |TAMS 0x00000000eee00000, 0x00000000eee00000| Untracked 
| 239|0x00000000eef00000, 0x00000000eef00000, 0x00000000ef000000|  0%| F|  |TAMS 0x00000000eef00000, 0x00000000eef00000| Untracked 
| 240|0x00000000ef000000, 0x00000000ef000000, 0x00000000ef100000|  0%| F|  |TAMS 0x00000000ef000000, 0x00000000ef000000| Untracked 
| 241|0x00000000ef100000, 0x00000000ef100000, 0x00000000ef200000|  0%| F|  |TAMS 0x00000000ef100000, 0x00000000ef100000| Untracked 
| 242|0x00000000ef200000, 0x00000000ef200000, 0x00000000ef300000|  0%| F|  |TAMS 0x00000000ef200000, 0x00000000ef200000| Untracked 
| 243|0x00000000ef300000, 0x00000000ef300000, 0x00000000ef400000|  0%| F|  |TAMS 0x00000000ef300000, 0x00000000ef300000| Untracked 
| 244|0x00000000ef400000, 0x00000000ef400000, 0x00000000ef500000|  0%| F|  |TAMS 0x00000000ef400000, 0x00000000ef400000| Untracked 
| 245|0x00000000ef500000, 0x00000000ef500000, 0x00000000ef600000|  0%| F|  |TAMS 0x00000000ef500000, 0x00000000ef500000| Untracked 
| 246|0x00000000ef600000, 0x00000000ef600000, 0x00000000ef700000|  0%| F|  |TAMS 0x00000000ef600000, 0x00000000ef600000| Untracked 
| 247|0x00000000ef700000, 0x00000000ef700000, 0x00000000ef800000|  0%| F|  |TAMS 0x00000000ef700000, 0x00000000ef700000| Untracked 
| 248|0x00000000ef800000, 0x00000000ef800000, 0x00000000ef900000|  0%| F|  |TAMS 0x00000000ef800000, 0x00000000ef800000| Untracked 
| 249|0x00000000ef900000, 0x00000000ef900000, 0x00000000efa00000|  0%| F|  |TAMS 0x00000000ef900000, 0x00000000ef900000| Untracked 
| 250|0x00000000efa00000, 0x00000000efa00000, 0x00000000efb00000|  0%| F|  |TAMS 0x00000000efa00000, 0x00000000efa00000| Untracked 
| 251|0x00000000efb00000, 0x00000000efb00000, 0x00000000efc00000|  0%| F|  |TAMS 0x00000000efb00000, 0x00000000efb00000| Untracked 
| 252|0x00000000efc00000, 0x00000000efc00000, 0x00000000efd00000|  0%| F|  |TAMS 0x00000000efc00000, 0x00000000efc00000| Untracked 
| 253|0x00000000efd00000, 0x00000000efd00000, 0x00000000efe00000|  0%| F|  |TAMS 0x00000000efd00000, 0x00000000efd00000| Untracked 
| 254|0x00000000efe00000, 0x00000000efe00000, 0x00000000eff00000|  0%| F|  |TAMS 0x00000000efe00000, 0x00000000efe00000| Untracked 
| 255|0x00000000eff00000, 0x00000000eff9eb48, 0x00000000f0000000| 61%| E|  |TAMS 0x00000000eff00000, 0x00000000eff00000| Complete 

Card table byte_map: [0x000001f441f20000,0x000001f442020000] _byte_map_base: 0x000001f441820000

Marking Bits (Prev, Next): (CMBitMap*) 0x000001f442247708, (CMBitMap*) 0x000001f442247740
 Prev Bits: [0x000001f459950000, 0x000001f45a150000)
 Next Bits: [0x000001f45a150000, 0x000001f45a950000)

Polling page: 0x000001f4403d0000

Metaspace:

Usage:
  Non-class:     95.57 MB capacity,    93.12 MB ( 97%) used,     2.12 MB (  2%) free+waste,   342.88 KB ( <1%) overhead. 
      Class:     14.63 MB capacity,    13.23 MB ( 90%) used,     1.24 MB (  9%) free+waste,   152.13 KB (  1%) overhead. 
       Both:    110.20 MB capacity,   106.35 MB ( 97%) used,     3.37 MB (  3%) free+waste,   495.00 KB ( <1%) overhead. 

Virtual space:
  Non-class space:       96.00 MB reserved,      95.62 MB (>99%) committed 
      Class space:      248.00 MB reserved,      14.63 MB (  6%) committed 
             Both:      344.00 MB reserved,     110.25 MB ( 32%) committed 

Chunk freelists:
   Non-Class:  0 bytes
       Class:  0 bytes
        Both:  0 bytes

MaxMetaspaceSize: 256.00 MB
CompressedClassSpaceSize: 248.00 MB
Initial GC threshold: 20.80 MB
Current GC threshold: 174.16 MB
CDS: off

CodeHeap 'non-profiled nmethods': size=120064Kb used=10656Kb max_used=10656Kb free=109407Kb
 bounds [0x000001f452410000, 0x000001f452e80000, 0x000001f459950000]
CodeHeap 'profiled nmethods': size=120000Kb used=37964Kb max_used=37964Kb free=82036Kb
 bounds [0x000001f44aee0000, 0x000001f44d400000, 0x000001f452410000]
CodeHeap 'non-nmethods': size=5696Kb used=2391Kb max_used=2442Kb free=3304Kb
 bounds [0x000001f44a950000, 0x000001f44abd0000, 0x000001f44aee0000]
 total_blobs=17325 nmethods=16413 adapters=824
 compilation: enabled
              stopped_count=0, restarted_count=0
 full_count=0

Compilation events (20 events):
Event: 1824.681 Thread 0x000001f45cd6a800 16513       3       org.gradle.api.internal.artifacts.ivyservice.resolveengine.excludes.ModuleExclusions$$Lambda$686/0x00000001009e4440::get$Lambda (9 bytes)
Event: 1824.681 Thread 0x000001f45cd6a800 nmethod 16513 0x000001f44d3eba10 code [0x000001f44d3ebbe0, 0x000001f44d3ebe38]
Event: 1824.681 Thread 0x000001f45cd6a800 16514       3       org.gradle.api.internal.artifacts.ivyservice.resolveengine.excludes.ModuleExclusions$$Lambda$686/0x00000001009e4440::<init> (10 bytes)
Event: 1824.681 Thread 0x000001f45cd6a800 nmethod 16514 0x000001f44d3ebf10 code [0x000001f44d3ec0c0, 0x000001f44d3ec278]
Event: 1824.713 Thread 0x000001f45cd54800 nmethod 16510 0x000001f452e77090 code [0x000001f452e77280, 0x000001f452e77b38]
Event: 1824.714 Thread 0x000001f45cd54800 16515       4       org.gradle.api.internal.artifacts.ivyservice.resolveengine.graph.builder.DependencyGraphBuilder::resolveEdges (43 bytes)
Event: 1824.882 Thread 0x000001f45cd6a800 16517       3       com.google.common.cache.LocalCache::usesAccessQueue (20 bytes)
Event: 1824.882 Thread 0x000001f45cd6a800 nmethod 16517 0x000001f44d3ec310 code [0x000001f44d3ec4e0, 0x000001f44d3ec818]
Event: 1824.883 Thread 0x000001f45cd6a800 16518       3       com.android.build.gradle.internal.services.ServiceRegistrationAction::<init> (20 bytes)
Event: 1824.884 Thread 0x000001f45cd6a800 nmethod 16518 0x000001f44d3ec910 code [0x000001f44d3ecbc0, 0x000001f44d3ed818]
Event: 1824.887 Thread 0x000001f45cd6a800 16519       3       org.gradle.model.internal.type.ModelType::of (9 bytes)
Event: 1824.888 Thread 0x000001f45cd6a800 nmethod 16519 0x000001f44d3edc90 code [0x000001f44d3ede80, 0x000001f44d3ee228]
Event: 1824.895 Thread 0x000001f45cd6a800 16520       3       org.gradle.api.internal.provider.DefaultProperty::convention (36 bytes)
Event: 1824.897 Thread 0x000001f45cd6a800 nmethod 16520 0x000001f44d3ee410 code [0x000001f44d3ee680, 0x000001f44d3ef5c8]
Event: 1824.902 Thread 0x000001f45cd6a800 16521       3       com.android.build.gradle.internal.api.DefaultAndroidSourceSet_Decorated::getWearAppConfigurationName (40 bytes)
Event: 1824.903 Thread 0x000001f45cd6a800 nmethod 16521 0x000001f44d3ef910 code [0x000001f44d3efb40, 0x000001f44d3f0208]
Event: 1824.903 Thread 0x000001f45cd6a800 16522       3       com.android.build.gradle.internal.api.DefaultAndroidSourceSet_Decorated::getAnnotationProcessorConfigurationName (39 bytes)
Event: 1824.905 Thread 0x000001f45cd6a800 nmethod 16522 0x000001f44d3f0410 code [0x000001f44d3f06c0, 0x000001f44d3f1248]
Event: 1824.905 Thread 0x000001f45cd6a800 16523   !   3       org.gradle.internal.event.DefaultListenerManager::getBroadcasterInternal (155 bytes)
Event: 1824.907 Thread 0x000001f45cd6a800 nmethod 16523 0x000001f44d3f1610 code [0x000001f44d3f18e0, 0x000001f44d3f2908]

GC Heap History (20 events):
Event: 844.543 GC heap before
{Heap before GC invocations=20 (full 0):
 garbage-first heap   total 262144K, used 178688K [0x00000000e0000000, 0x0000000100000000)
  region size 1024K, 105 young (107520K), 14 survivors (14336K)
 Metaspace       used 78924K, capacity 81953K, committed 82044K, reserved 325632K
  class space    used 10078K, capacity 11178K, committed 11264K, reserved 253952K
}
Event: 844.649 GC heap after
{Heap after GC invocations=21 (full 0):
 garbage-first heap   total 262144K, used 96256K [0x00000000e0000000, 0x0000000100000000)
  region size 1024K, 9 young (9216K), 9 survivors (9216K)
 Metaspace       used 78924K, capacity 81953K, committed 82044K, reserved 325632K
  class space    used 10078K, capacity 11178K, committed 11264K, reserved 253952K
}
Event: 850.781 GC heap before
{Heap before GC invocations=21 (full 0):
 garbage-first heap   total 262144K, used 187392K [0x00000000e0000000, 0x0000000100000000)
  region size 1024K, 98 young (100352K), 9 survivors (9216K)
 Metaspace       used 86215K, capacity 89386K, committed 89724K, reserved 331776K
  class space    used 11034K, capacity 12187K, committed 12288K, reserved 253952K
}
Event: 850.840 GC heap after
{Heap after GC invocations=22 (full 0):
 garbage-first heap   total 262144K, used 105472K [0x00000000e0000000, 0x0000000100000000)
  region size 1024K, 9 young (9216K), 9 survivors (9216K)
 Metaspace       used 86215K, capacity 89386K, committed 89724K, reserved 331776K
  class space    used 11034K, capacity 12187K, committed 12288K, reserved 253952K
}
Event: 856.011 GC heap before
{Heap before GC invocations=22 (full 0):
 garbage-first heap   total 262144K, used 192512K [0x00000000e0000000, 0x0000000100000000)
  region size 1024K, 95 young (97280K), 9 survivors (9216K)
 Metaspace       used 94148K, capacity 97634K, committed 97916K, reserved 339968K
  class space    used 12014K, capacity 13281K, committed 13312K, reserved 253952K
}
Event: 856.089 GC heap after
{Heap after GC invocations=23 (full 0):
 garbage-first heap   total 262144K, used 113664K [0x00000000e0000000, 0x0000000100000000)
  region size 1024K, 8 young (8192K), 8 survivors (8192K)
 Metaspace       used 94148K, capacity 97634K, committed 97916K, reserved 339968K
  class space    used 12014K, capacity 13281K, committed 13312K, reserved 253952K
}
Event: 863.467 GC heap before
{Heap before GC invocations=23 (full 0):
 garbage-first heap   total 262144K, used 197632K [0x00000000e0000000, 0x0000000100000000)
  region size 1024K, 91 young (93184K), 8 survivors (8192K)
 Metaspace       used 95817K, capacity 99330K, committed 99452K, reserved 339968K
  class space    used 12181K, capacity 13497K, committed 13568K, reserved 253952K
}
Event: 863.528 GC heap after
{Heap after GC invocations=24 (full 0):
 garbage-first heap   total 262144K, used 120320K [0x00000000e0000000, 0x0000000100000000)
  region size 1024K, 7 young (7168K), 7 survivors (7168K)
 Metaspace       used 95817K, capacity 99330K, committed 99452K, reserved 339968K
  class space    used 12181K, capacity 13497K, committed 13568K, reserved 253952K
}
Event: 870.895 GC heap before
{Heap before GC invocations=24 (full 0):
 garbage-first heap   total 262144K, used 202240K [0x00000000e0000000, 0x0000000100000000)
  region size 1024K, 88 young (90112K), 7 survivors (7168K)
 Metaspace       used 96574K, capacity 100038K, committed 100220K, reserved 342016K
  class space    used 12223K, capacity 13551K, committed 13568K, reserved 253952K
}
Event: 870.940 GC heap after
{Heap after GC invocations=25 (full 0):
 garbage-first heap   total 262144K, used 128000K [0x00000000e0000000, 0x0000000100000000)
  region size 1024K, 7 young (7168K), 7 survivors (7168K)
 Metaspace       used 96574K, capacity 100038K, committed 100220K, reserved 342016K
  class space    used 12223K, capacity 13551K, committed 13568K, reserved 253952K
}
Event: 876.000 GC heap before
{Heap before GC invocations=25 (full 0):
 garbage-first heap   total 262144K, used 206848K [0x00000000e0000000, 0x0000000100000000)
  region size 1024K, 85 young (87040K), 7 survivors (7168K)
 Metaspace       used 98100K, capacity 101692K, committed 101756K, reserved 342016K
  class space    used 12442K, capacity 13773K, committed 13824K, reserved 253952K
}
Event: 876.043 GC heap after
{Heap after GC invocations=26 (full 0):
 garbage-first heap   total 262144K, used 133632K [0x00000000e0000000, 0x0000000100000000)
  region size 1024K, 6 young (6144K), 6 survivors (6144K)
 Metaspace       used 98100K, capacity 101692K, committed 101756K, reserved 342016K
  class space    used 12442K, capacity 13773K, committed 13824K, reserved 253952K
}
Event: 879.520 GC heap before
{Heap before GC invocations=27 (full 0):
 garbage-first heap   total 262144K, used 211456K [0x00000000e0000000, 0x0000000100000000)
  region size 1024K, 82 young (83968K), 6 survivors (6144K)
 Metaspace       used 102732K, capacity 106247K, committed 106748K, reserved 348160K
  class space    used 12955K, capacity 14279K, committed 14464K, reserved 253952K
}
Event: 879.559 GC heap after
{Heap after GC invocations=28 (full 0):
 garbage-first heap   total 262144K, used 137728K [0x00000000e0000000, 0x0000000100000000)
  region size 1024K, 10 young (10240K), 10 survivors (10240K)
 Metaspace       used 102732K, capacity 106247K, committed 106748K, reserved 348160K
  class space    used 12955K, capacity 14279K, committed 14464K, reserved 253952K
}
Event: 882.553 GC heap before
{Heap before GC invocations=28 (full 0):
 garbage-first heap   total 262144K, used 212480K [0x00000000e0000000, 0x0000000100000000)
  region size 1024K, 84 young (86016K), 10 survivors (10240K)
 Metaspace       used 103240K, capacity 106776K, committed 107004K, reserved 348160K
  class space    used 12998K, capacity 14320K, committed 14464K, reserved 253952K
}
Event: 882.606 GC heap after
{Heap after GC invocations=29 (full 0):
 garbage-first heap   total 262144K, used 143658K [0x00000000e0000000, 0x0000000100000000)
  region size 1024K, 11 young (11264K), 11 survivors (11264K)
 Metaspace       used 103240K, capacity 106776K, committed 107004K, reserved 348160K
  class space    used 12998K, capacity 14320K, committed 14464K, reserved 253952K
}
Event: 1170.795 GC heap before
{Heap before GC invocations=30 (full 0):
 garbage-first heap   total 262144K, used 214314K [0x00000000e0000000, 0x0000000100000000)
  region size 1024K, 81 young (82944K), 11 survivors (11264K)
 Metaspace       used 107882K, capacity 111609K, committed 111740K, reserved 352256K
  class space    used 13425K, capacity 14753K, committed 14848K, reserved 253952K
}
Event: 1170.844 GC heap after
{Heap after GC invocations=31 (full 0):
 garbage-first heap   total 262144K, used 147225K [0x00000000e0000000, 0x0000000100000000)
  region size 1024K, 4 young (4096K), 4 survivors (4096K)
 Metaspace       used 107882K, capacity 111609K, committed 111740K, reserved 352256K
  class space    used 13425K, capacity 14753K, committed 14848K, reserved 253952K
}
Event: 1824.909 GC heap before
{Heap before GC invocations=31 (full 0):
 garbage-first heap   total 262144K, used 217881K [0x00000000e0000000, 0x0000000100000000)
  region size 1024K, 74 young (75776K), 4 survivors (4096K)
 Metaspace       used 108902K, capacity 112844K, committed 112892K, reserved 352256K
  class space    used 13550K, capacity 14976K, committed 14976K, reserved 253952K
}
Event: 1825.003 GC heap after
{Heap after GC invocations=32 (full 0):
 garbage-first heap   total 262144K, used 156672K [0x00000000e0000000, 0x0000000100000000)
  region size 1024K, 10 young (10240K), 10 survivors (10240K)
 Metaspace       used 108902K, capacity 112844K, committed 112892K, reserved 352256K
  class space    used 13550K, capacity 14976K, committed 14976K, reserved 253952K
}

Deoptimization events (20 events):
Event: 1821.606 Thread 0x000001f4666cc800 DEOPT PACKING pc=0x000001f44d32069e sp=0x00000084faaf6990
Event: 1821.606 Thread 0x000001f4666cc800 DEOPT UNPACKING pc=0x000001f44a99a95e sp=0x00000084faaf5ed8 mode 0
Event: 1821.758 Thread 0x000001f4666cc800 DEOPT PACKING pc=0x000001f44d320805 sp=0x00000084faaf8880
Event: 1821.758 Thread 0x000001f4666cc800 DEOPT UNPACKING pc=0x000001f44a99a95e sp=0x00000084faaf7dc8 mode 0
Event: 1821.905 Thread 0x000001f4666cc800 Uncommon trap: trap_request=0xffffffcc fr.pc=0x000001f452e3e7b8 relative=0x0000000000000358
Event: 1821.905 Thread 0x000001f4666cc800 Uncommon trap: reason=intrinsic_or_type_checked_inlining action=make_not_entrant pc=0x000001f452e3e7b8 method=com.google.common.collect.RegularImmutableSet.copyIntoArray([Ljava/lang/Object;I)I @ 12 c2
Event: 1821.905 Thread 0x000001f4666cc800 DEOPT PACKING pc=0x000001f452e3e7b8 sp=0x00000084faafa010
Event: 1821.905 Thread 0x000001f4666cc800 DEOPT UNPACKING pc=0x000001f44a99a1af sp=0x00000084faaf9e68 mode 2
Event: 1823.687 Thread 0x000001f4666cc800 Uncommon trap: trap_request=0xffffffc6 fr.pc=0x000001f452d1ab44 relative=0x0000000000000fc4
Event: 1823.687 Thread 0x000001f4666cc800 Uncommon trap: reason=bimorphic_or_optimized_type_check action=maybe_recompile pc=0x000001f452d1ab44 method=org.gradle.internal.fingerprint.impl.DefaultFileCollectionSnapshotter$SnapshottingVisitor.visitCollection(Lorg/gradle/api/internal/file/FileCollect
Event: 1823.687 Thread 0x000001f4666cc800 DEOPT PACKING pc=0x000001f452d1ab44 sp=0x00000084faafa720
Event: 1823.687 Thread 0x000001f4666cc800 DEOPT UNPACKING pc=0x000001f44a99a1af sp=0x00000084faafa708 mode 2
Event: 1824.354 Thread 0x000001f4666cc800 Uncommon trap: trap_request=0xffffffc6 fr.pc=0x000001f452d1ab44 relative=0x0000000000000fc4
Event: 1824.354 Thread 0x000001f4666cc800 Uncommon trap: reason=bimorphic_or_optimized_type_check action=maybe_recompile pc=0x000001f452d1ab44 method=org.gradle.internal.fingerprint.impl.DefaultFileCollectionSnapshotter$SnapshottingVisitor.visitCollection(Lorg/gradle/api/internal/file/FileCollect
Event: 1824.354 Thread 0x000001f4666cc800 DEOPT PACKING pc=0x000001f452d1ab44 sp=0x00000084faafa720
Event: 1824.354 Thread 0x000001f4666cc800 DEOPT UNPACKING pc=0x000001f44a99a1af sp=0x00000084faafa708 mode 2
Event: 1824.879 Thread 0x000001f4666cc800 Uncommon trap: trap_request=0xffffffc6 fr.pc=0x000001f452d1ab44 relative=0x0000000000000fc4
Event: 1824.879 Thread 0x000001f4666cc800 Uncommon trap: reason=bimorphic_or_optimized_type_check action=maybe_recompile pc=0x000001f452d1ab44 method=org.gradle.internal.fingerprint.impl.DefaultFileCollectionSnapshotter$SnapshottingVisitor.visitCollection(Lorg/gradle/api/internal/file/FileCollect
Event: 1824.879 Thread 0x000001f4666cc800 DEOPT PACKING pc=0x000001f452d1ab44 sp=0x00000084faafa7a0
Event: 1824.879 Thread 0x000001f4666cc800 DEOPT UNPACKING pc=0x000001f44a99a1af sp=0x00000084faafa788 mode 2

Classes redefined (0 events):
No events

Internal exceptions (20 events):
Event: 886.184 Thread 0x000001f45e337800 Implicit null exception at 0x000001f4527b0b6d to 0x000001f4527b0b98
Event: 887.200 Thread 0x000001f45e337800 Exception <a 'java/lang/reflect/InvocationTargetException'{0x00000000ed403a70}> (0x00000000ed403a70) thrown at [./src/hotspot/share/runtime/reflection.cpp, line 1247]
Event: 887.206 Thread 0x000001f45e337800 Exception <a 'java/lang/NoSuchMethodError'{0x00000000ed406720}: 'void java.lang.invoke.DirectMethodHandle$Holder.invokeStatic(java.lang.Object, java.lang.Object, java.lang.Object, java.lang.Object, java.lang.Object, java.lang.Object, java.lang.Object)'> (0x00000000ed406720) thrown at [./src/hotspot/share/interpreter/linkResolver.cpp, line 773]
Event: 887.311 Thread 0x000001f4666ca800 Exception <a 'sun/nio/fs/WindowsException'{0x00000000ed201040}> (0x00000000ed201040) thrown at [./src/hotspot/share/prims/jni.cpp, line 616]
Event: 887.588 Thread 0x000001f45ef05800 Exception <a 'java/lang/NoSuchMethodError'{0x00000000ed0407e0}: 'int java.lang.invoke.DirectMethodHandle$Holder.invokeVirtual(java.lang.Object, java.lang.Object, java.lang.Object)'> (0x00000000ed0407e0) thrown at [./src/hotspot/share/interpreter/linkResolver.cpp, line 773]
Event: 888.478 Thread 0x000001f45ef05800 Implicit null exception at 0x000001f4529177af to 0x000001f4529177fc
Event: 888.861 Thread 0x000001f45ef05800 Implicit null exception at 0x000001f452a21a00 to 0x000001f452a21e6c
Event: 888.861 Thread 0x000001f45ef05800 Implicit null exception at 0x000001f452a1f348 to 0x000001f452a1f61c
Event: 888.861 Thread 0x000001f45ef05800 Implicit null exception at 0x000001f452d089cc to 0x000001f452d0e730
Event: 889.059 Thread 0x000001f45e844000 Exception <a 'java/lang/NoSuchMethodError'{0x00000000ec13b2f0}: <clinit>> (0x00000000ec13b2f0) thrown at [./src/hotspot/share/prims/jni.cpp, line 1366]
Event: 889.065 Thread 0x000001f45e844000 Exception <a 'java/lang/NoSuchMethodError'{0x00000000ec14c0b0}: <clinit>> (0x00000000ec14c0b0) thrown at [./src/hotspot/share/prims/jni.cpp, line 1366]
Event: 889.065 Thread 0x000001f45e844000 Exception <a 'java/lang/NoSuchMethodError'{0x00000000ec14d798}: <clinit>> (0x00000000ec14d798) thrown at [./src/hotspot/share/prims/jni.cpp, line 1366]
Event: 889.067 Thread 0x000001f45e844000 Exception <a 'java/lang/NoSuchMethodError'{0x00000000ec15f900}: <clinit>> (0x00000000ec15f900) thrown at [./src/hotspot/share/prims/jni.cpp, line 1366]
Event: 889.069 Thread 0x000001f45e844000 Exception <a 'java/lang/NoSuchMethodError'{0x00000000ec16ba50}: <clinit>> (0x00000000ec16ba50) thrown at [./src/hotspot/share/prims/jni.cpp, line 1366]
Event: 889.084 Thread 0x000001f45e844000 Exception <a 'java/lang/NoSuchMethodError'{0x00000000ec18e4f0}: <clinit>> (0x00000000ec18e4f0) thrown at [./src/hotspot/share/prims/jni.cpp, line 1366]
Event: 889.217 Thread 0x000001f45e844000 Exception <a 'java/lang/NoSuchMethodError'{0x00000000ec1a67b0}: <clinit>> (0x00000000ec1a67b0) thrown at [./src/hotspot/share/prims/jni.cpp, line 1366]
Event: 889.221 Thread 0x000001f45e844000 Exception <a 'java/lang/NoSuchMethodError'{0x00000000ec1be490}: <clinit>> (0x00000000ec1be490) thrown at [./src/hotspot/share/prims/jni.cpp, line 1366]
Event: 1732.260 Thread 0x000001f4666cc800 Implicit null exception at 0x000001f452db9d20 to 0x000001f452dbd6c4
Event: 1773.594 Thread 0x000001f4666cc800 Exception <a 'java/lang/NoSuchMethodError'{0x00000000eec898c0}: 'java.lang.Object java.lang.invoke.DelegatingMethodHandle$Holder.reinvoke_L(java.lang.Object, java.lang.Object, java.lang.Object, java.lang.Object, java.lang.Object, java.lang.Object, java.lang.Object, java.lang.Object, java.lang.Object, java.lang.Object, java.lang.Object, java.lang.Object, java.lang.Object, java.lang.Object, java.lang.Object, java.lang.Object, java.lang.Object, java.lang.Object, java.lang.Object, java.lang.Object)'> (0x000000
Event: 1773.625 Thread 0x000001f4666cc800 Exception <a 'java/lang/NoSuchMethodError'{0x00000000eecf0040}: 'java.lang.Object java.lang.invoke.DelegatingMethodHandle$Holder.reinvoke_L(java.lang.Object, java.lang.Object, java.lang.Object, java.lang.Object, java.lang.Object, java.lang.Object, java.lang.Object, java.lang.Object, java.lang.Object, java.lang.Object, java.lang.Object, java.lang.Object, java.lang.Object, java.lang.Object, java.lang.Object, java.lang.Object, java.lang.Object, java.lang.Object, java.lang.Object)'> (0x00000000eecf0040) thrown

Events (20 events):
Event: 1821.367 loading class groovy/runtime/metaclass/native_modules_a212ro42ol86ze8vinzhkb3fj$_run_closure2$_closure4$_closure6$_closure7$_closure8MetaClass done
Event: 1821.473 loading class groovy/runtime/metaclass/build_b28knv4qqgzom4wzsdd96n2ke$_run_closure1$_closure8$_closure14MetaClass
Event: 1821.473 loading class groovy/runtime/metaclass/build_b28knv4qqgzom4wzsdd96n2ke$_run_closure1$_closure8$_closure14MetaClass done
Event: 1821.474 loading class groovy/runtime/metaclass/com/android/build/OutputFileMetaClass
Event: 1821.474 loading class groovy/runtime/metaclass/com/android/build/OutputFileMetaClass done
Event: 1821.501 Executing VM operation: RevokeBias
Event: 1821.501 Executing VM operation: RevokeBias done
Event: 1821.799 Executing VM operation: RevokeBias
Event: 1821.799 Executing VM operation: RevokeBias done
Event: 1822.124 Executing VM operation: RevokeBias
Event: 1822.124 Executing VM operation: RevokeBias done
Event: 1822.548 Executing VM operation: RevokeBias
Event: 1822.549 Executing VM operation: RevokeBias done
Event: 1823.823 Executing VM operation: RevokeBias
Event: 1823.823 Executing VM operation: RevokeBias done
Event: 1824.451 Executing VM operation: RevokeBias
Event: 1824.452 Executing VM operation: RevokeBias done
Event: 1824.909 Executing VM operation: G1CollectForAllocation
Event: 1825.003 Executing VM operation: G1CollectForAllocation done
Event: 1825.202 Executing VM operation: RevokeBias


Dynamic libraries:
0x00007ff663740000 - 0x00007ff66374d000 	C:\Program Files\OpenJDK\openjdk-11.0.13_8\bin\java.exe
0x00007fff36bb0000 - 0x00007fff36da5000 	C:\Windows\SYSTEM32\ntdll.dll
0x00007fff35df0000 - 0x00007fff35eae000 	C:\Windows\System32\KERNEL32.DLL
0x00007fff346d0000 - 0x00007fff34998000 	C:\Windows\System32\KERNELBASE.dll
0x00007fff345d0000 - 0x00007fff346d0000 	C:\Windows\System32\ucrtbase.dll
0x00007fff14170000 - 0x00007fff14186000 	C:\Program Files\OpenJDK\openjdk-11.0.13_8\bin\VCRUNTIME140.dll
0x00007fff14af0000 - 0x00007fff14b08000 	C:\Program Files\OpenJDK\openjdk-11.0.13_8\bin\jli.dll
0x00007fff34e80000 - 0x00007fff35020000 	C:\Windows\System32\USER32.dll
0x00007fff34a80000 - 0x00007fff34aa2000 	C:\Windows\System32\win32u.dll
0x00007fff35020000 - 0x00007fff3504a000 	C:\Windows\System32\GDI32.dll
0x00007fff344c0000 - 0x00007fff345cb000 	C:\Windows\System32\gdi32full.dll
0x00007fff342d0000 - 0x00007fff3436d000 	C:\Windows\System32\msvcp_win.dll
0x00007fff296c0000 - 0x00007fff2995a000 	C:\Windows\WinSxS\amd64_microsoft.windows.common-controls_6595b64144ccf1df_6.0.19041.1110_none_60b5254171f9507e\COMCTL32.dll
0x00007fff35050000 - 0x00007fff350ee000 	C:\Windows\System32\msvcrt.dll
0x00007fff35f10000 - 0x00007fff35f40000 	C:\Windows\System32\IMM32.DLL
0x00007ffee2830000 - 0x00007ffee28da000 	C:\Program Files\OpenJDK\openjdk-11.0.13_8\bin\msvcp140.dll
0x00007ffeda080000 - 0x00007ffedabcc000 	C:\Program Files\OpenJDK\openjdk-11.0.13_8\bin\server\jvm.dll
0x00007fff34cb0000 - 0x00007fff34d5e000 	C:\Windows\System32\ADVAPI32.dll
0x00007fff35fa0000 - 0x00007fff3603c000 	C:\Windows\System32\sechost.dll
0x00007fff361e0000 - 0x00007fff36305000 	C:\Windows\System32\RPCRT4.dll
0x00007fff359f0000 - 0x00007fff359f8000 	C:\Windows\System32\PSAPI.DLL
0x00007fff2b990000 - 0x00007fff2b999000 	C:\Windows\SYSTEM32\WSOCK32.dll
0x00007fff2a7a0000 - 0x00007fff2a7c7000 	C:\Windows\SYSTEM32\WINMM.dll
0x00007fff350f0000 - 0x00007fff3515b000 	C:\Windows\System32\WS2_32.dll
0x00007fff2c520000 - 0x00007fff2c52a000 	C:\Windows\SYSTEM32\VERSION.dll
0x00007fff32110000 - 0x00007fff32122000 	C:\Windows\SYSTEM32\kernel.appcore.dll
0x00007fff14090000 - 0x00007fff140a1000 	C:\Program Files\OpenJDK\openjdk-11.0.13_8\bin\verify.dll
0x00007fff21720000 - 0x00007fff21904000 	C:\Windows\SYSTEM32\DBGHELP.DLL
0x00007fff21550000 - 0x00007fff2157c000 	C:\Windows\SYSTEM32\dbgcore.DLL
0x00007fff349a0000 - 0x00007fff34a22000 	C:\Windows\System32\bcryptPrimitives.dll
0x00007fff12800000 - 0x00007fff12829000 	C:\Program Files\OpenJDK\openjdk-11.0.13_8\bin\java.dll
0x00007fff2e4b0000 - 0x00007fff2e4ba000 	C:\Program Files\OpenJDK\openjdk-11.0.13_8\bin\jimage.dll
0x00007fff13ed0000 - 0x00007fff13ee7000 	C:\Program Files\OpenJDK\openjdk-11.0.13_8\bin\zip.dll
0x00007fff352a0000 - 0x00007fff359e4000 	C:\Windows\System32\SHELL32.dll
0x00007fff323f0000 - 0x00007fff32b84000 	C:\Windows\SYSTEM32\windows.storage.dll
0x00007fff36310000 - 0x00007fff36664000 	C:\Windows\System32\combase.dll
0x00007fff33c70000 - 0x00007fff33c9c000 	C:\Windows\SYSTEM32\Wldp.dll
0x00007fff35ae0000 - 0x00007fff35b8d000 	C:\Windows\System32\SHCORE.dll
0x00007fff36170000 - 0x00007fff361c5000 	C:\Windows\System32\shlwapi.dll
0x00007fff34210000 - 0x00007fff3422f000 	C:\Windows\SYSTEM32\profapi.dll
0x00007fff13970000 - 0x00007fff13989000 	C:\Program Files\OpenJDK\openjdk-11.0.13_8\bin\net.dll
0x00007fff28660000 - 0x00007fff2876a000 	C:\Windows\SYSTEM32\WINHTTP.dll
0x00007fff339d0000 - 0x00007fff33a3a000 	C:\Windows\system32\mswsock.dll
0x00007fff127e0000 - 0x00007fff127f3000 	C:\Program Files\OpenJDK\openjdk-11.0.13_8\bin\nio.dll
0x00007fff127b0000 - 0x00007fff127d7000 	C:\Users\Muppidathi\.gradle\native\e1d6ef7f7dcc3fd88c89a11ec53ec762bb8ba0a96d01ffa2cd45eb1d1d8dd5c5\windows-amd64\native-platform.dll
0x00007fff2b400000 - 0x00007fff2b544000 	C:\Users\Muppidathi\.gradle\native\5664cfc778a61ccfe75a443a1ab52a65af34e5dc3c78e0209fed803814484fcb\windows-amd64\native-platform-file-events.dll
0x00007fff1fb10000 - 0x00007fff1fb19000 	C:\Program Files\OpenJDK\openjdk-11.0.13_8\bin\management.dll
0x00007fff1f7b0000 - 0x00007fff1f7bc000 	C:\Program Files\OpenJDK\openjdk-11.0.13_8\bin\management_ext.dll
0x00007fff33bc0000 - 0x00007fff33bd8000 	C:\Windows\SYSTEM32\CRYPTSP.dll
0x00007fff33350000 - 0x00007fff33384000 	C:\Windows\system32\rsaenh.dll
0x00007fff34420000 - 0x00007fff34447000 	C:\Windows\System32\bcrypt.dll
0x00007fff341d0000 - 0x00007fff341fe000 	C:\Windows\SYSTEM32\USERENV.dll
0x00007fff33be0000 - 0x00007fff33bec000 	C:\Windows\SYSTEM32\CRYPTBASE.dll
0x00007fff336c0000 - 0x00007fff336fb000 	C:\Windows\SYSTEM32\IPHLPAPI.DLL
0x00007fff361d0000 - 0x00007fff361d8000 	C:\Windows\System32\NSI.dll
0x00007fff2d6c0000 - 0x00007fff2d6d7000 	C:\Windows\SYSTEM32\dhcpcsvc6.DLL
0x00007fff2d480000 - 0x00007fff2d49d000 	C:\Windows\SYSTEM32\dhcpcsvc.DLL
0x00007fff33700000 - 0x00007fff337cb000 	C:\Windows\SYSTEM32\DNSAPI.dll
0x00007fff2b3b0000 - 0x00007fff2b3be000 	C:\Program Files\OpenJDK\openjdk-11.0.13_8\bin\sunmscapi.dll
0x00007fff34ab0000 - 0x00007fff34c06000 	C:\Windows\System32\CRYPT32.dll
0x00007fff33ce0000 - 0x00007fff33d07000 	C:\Windows\SYSTEM32\ncrypt.dll
0x00007fff33ca0000 - 0x00007fff33cdb000 	C:\Windows\SYSTEM32\NTASN1.dll
0x00007fff2b380000 - 0x00007fff2b3a6000 	C:\Program Files\OpenJDK\openjdk-11.0.13_8\bin\sunec.dll
0x00007fff28580000 - 0x00007fff2858a000 	C:\Windows\System32\rasadhlp.dll
0x00007fff285b0000 - 0x00007fff2862f000 	C:\Windows\System32\fwpuclnt.dll

dbghelp: loaded successfully - version: 4.0.5 - missing functions: none
symbol engine: initialized successfully - sym options: 0x614 - pdb path: .;C:\Program Files\OpenJDK\openjdk-11.0.13_8\bin;C:\Windows\SYSTEM32;C:\Windows\WinSxS\amd64_microsoft.windows.common-controls_6595b64144ccf1df_6.0.19041.1110_none_60b5254171f9507e;C:\Program Files\OpenJDK\openjdk-11.0.13_8\bin\server;C:\Users\Muppidathi\.gradle\native\e1d6ef7f7dcc3fd88c89a11ec53ec762bb8ba0a96d01ffa2cd45eb1d1d8dd5c5\windows-amd64;C:\Users\Muppidathi\.gradle\native\5664cfc778a61ccfe75a443a1ab52a65af34e5dc3c78e0209fed803814484fcb\windows-amd64

VM Arguments:
jvm_args: --add-opens=java.base/java.util=ALL-UNNAMED --add-opens=java.base/java.lang=ALL-UNNAMED --add-opens=java.base/java.lang.invoke=ALL-UNNAMED --add-opens=java.base/java.util=ALL-UNNAMED --add-opens=java.prefs/java.util.prefs=ALL-UNNAMED --add-opens=java.prefs/java.util.prefs=ALL-UNNAMED --add-opens=java.base/java.nio.charset=ALL-UNNAMED --add-opens=java.base/java.net=ALL-UNNAMED --add-opens=java.base/java.util.concurrent.atomic=ALL-UNNAMED -XX:MaxMetaspaceSize=256m -XX:+HeapDumpOnOutOfMemoryError -Xms256m -Xmx512m -Dfile.encoding=windows-1252 -Duser.country=IN -Duser.language=en -Duser.variant 
java_command: org.gradle.launcher.daemon.bootstrap.GradleDaemon 7.2
java_class_path (initial): C:\Users\Muppidathi\.gradle\wrapper\dists\gradle-7.2-all\260hg96vuh6ex27h9vo47iv4d\gradle-7.2\lib\gradle-launcher-7.2.jar
Launcher Type: SUN_STANDARD

[Global flags]
     intx CICompilerCount                          = 2                                         {product} {ergonomic}
   size_t CompressedClassSpaceSize                 = 260046848                                 {product} {ergonomic}
     uint ConcGCThreads                            = 1                                         {product} {ergonomic}
     uint G1ConcRefinementThreads                  = 2                                         {product} {ergonomic}
   size_t G1HeapRegionSize                         = 1048576                                   {product} {ergonomic}
    uintx GCDrainStackTargetSize                   = 64                                        {product} {ergonomic}
     bool HeapDumpOnOutOfMemoryError               = true                                   {manageable} {command line}
   size_t InitialHeapSize                          = 268435456                                 {product} {command line}
   size_t MarkStackSize                            = 4194304                                   {product} {ergonomic}
   size_t MaxHeapSize                              = 536870912                                 {product} {command line}
   size_t MaxMetaspaceSize                         = 268435456                                 {product} {command line}
   size_t MaxNewSize                               = 321912832                                 {product} {ergonomic}
   size_t MinHeapDeltaBytes                        = 1048576                                   {product} {ergonomic}
    uintx NonNMethodCodeHeapSize                   = 5825164                                {pd product} {ergonomic}
    uintx NonProfiledCodeHeapSize                  = 122916538                              {pd product} {ergonomic}
    uintx ProfiledCodeHeapSize                     = 122916538                              {pd product} {ergonomic}
    uintx ReservedCodeCacheSize                    = 251658240                              {pd product} {ergonomic}
     bool SegmentedCodeCache                       = true                                      {product} {ergonomic}
     bool UseCompressedClassPointers               = true                                 {lp64_product} {ergonomic}
     bool UseCompressedOops                        = true                                 {lp64_product} {ergonomic}
     bool UseG1GC                                  = true                                      {product} {ergonomic}
     bool UseLargePagesIndividualAllocation        = false                                  {pd product} {ergonomic}

Logging:
Log output configuration:
 #0: stdout all=warning uptime,level,tags
 #1: stderr all=off uptime,level,tags

Environment Variables:
JAVA_HOME=C:\Program Files\OpenJDK\openjdk-11.0.13_8
CLASSPATH=C:\Users\Muppidathi\Documents\React Native Projects\InterviewStatusTracker\android\\gradle\wrapper\gradle-wrapper.jar
PATH=C:\Users\Muppidathi\Documents\React Native Projects\InterviewStatusTracker\android\node_modules\.bin;C:\Users\Muppidathi\Documents\React Native Projects\InterviewStatusTracker\node_modules\.bin;C:\Users\Muppidathi\Documents\React Native Projects\node_modules\.bin;C:\Users\Muppidathi\Documents\node_modules\.bin;C:\Users\Muppidathi\node_modules\.bin;C:\Users\node_modules\.bin;C:\node_modules\.bin;C:\Program Files\nodejs;C:\Users\Muppidathi\Documents\React Native Projects\InterviewStatusTracker\node_modules\.bin;C:\Users\Muppidathi\Documents\React Native Projects\node_modules\.bin;C:\Users\Muppidathi\Documents\node_modules\.bin;C:\Users\Muppidathi\node_modules\.bin;C:\Users\node_modules\.bin;C:\node_modules\.bin;C:\Users\Muppidathi\AppData\Roaming\npm\node_modules\npm\node_modules\@npmcli\run-script\lib\node-gyp-bin;C:\Windows\system32;C:\Windows;C:\Windows\System32\Wbem;C:\Windows\System32\WindowsPowerShell\v1.0\;C:\Windows\System32\OpenSSH\;C:\ProgramData\chocolatey\bin;C:\Program Files\nodejs\;C:\Program Files\OpenJDK\openjdk-11.0.13_8\bin;C:\Users\Muppidathi\AppData\Local\Android\Sdk\emulator;C:\Program Files\Git\cmd;C:\Program Files\OpenSSL-Win64\bin;C:\Users\Muppidathi\AppData\Local\Microsoft\WindowsApps;C:\Users\Muppidathi\AppData\Roaming\npm;C:\Users\Muppidathi\AppData\Local\Android\Sdk\platform-tools;;C:\Users\Muppidathi\AppData\Local\Programs\Microsoft VS Code\bin;C:\Users\Muppidathi\Documents\React Native Projects\InterviewStatusTracker\node_modules\.bin
USERNAME=Muppidathi
LANG=en_GB.UTF-8
OS=Windows_NT
PROCESSOR_IDENTIFIER=AMD64 Family 21 Model 112 Stepping 0, AuthenticAMD



---------------  S Y S T E M  ---------------

OS: Windows 10 , 64 bit Build 19041 (10.0.19041.1645)
OS uptime: 5 days 22:58 hours

CPU:total 2 (initial active 2) (2 cores per cpu, 1 threads per core) family 21 model 112 stepping 0 microcode 0x0, cmov, cx8, fxsr, mmx, sse, sse2, sse3, ssse3, sse4.1, sse4.2, popcnt, avx, avx2, aes, clmul, mmxext, 3dnowpref, lzcnt, sse4a, tsc, tscinvbit, tscinv, bmi1, bmi2, fma

Memory: 4k page, system-wide physical 7647M (940M free)
TotalPageFile size 14214M (AvailPageFile size 2528M)
current process WorkingSet (physical memory assigned to process): 538M, peak: 539M
current process commit charge ("private bytes"): 584M, peak: 585M

vm_info: OpenJDK 64-Bit Server VM (11.0.13+8) for windows-amd64 JRE (11.0.13+8), built on Oct  8 2021 16:28:06 by "" with MS VC++ 15.5 (VS2017)

END.
